<?xml version="1.0" encoding="UTF-8"?>
<testsuites>
  <testsuite name="StaticPagesControllerTest" filepath="test/controllers/static_pages_controller_test.rb" skipped="0" failures="0" errors="1" tests="3" assertions="2" time="0.42662282799574314">
    <testcase name="test_should_get_help" lineno="9" classname="StaticPagesControllerTest" assertions="1" time="0.1518934960004117" file="test/controllers/static_pages_controller_test.rb">
    </testcase>
    <testcase name="test_should_get_home" lineno="4" classname="StaticPagesControllerTest" assertions="1" time="0.15179651599828503" file="test/controllers/static_pages_controller_test.rb">
    </testcase>
    <testcase name="test_should_get_about" lineno="14" classname="StaticPagesControllerTest" assertions="0" time="0.12293281599704642" file="test/controllers/static_pages_controller_test.rb">
    <error type="NameError" message="NameError: undefined local variable or method `static_pages_about_url' for #&lt;StaticPagesControllerTest:0x0000558f2bf35e98 @_routes=nil, @NAME=&quot;test_should_get_about&quot;, @failures=[#&lt;Minitest::UnexpectedError: Unexpected exception&gt;], @assertions=0, @integration_session=#&lt;#&lt;Class:0x0000558f2bf350b0&gt;:0x0000558f2bf340c0 @_routes=nil, @app=#&lt;SampleApp::Application:0x0000558f2bc127e8 @_all_autoload_paths=[&quot;/home/nameless_ghoul/Documents/Work/LoudCloudPH/Learning/Learn Enough Projects/sample_app/app/channels&quot;, &quot;/home/nameless_ghoul/Documents/Work/LoudCloudPH/Learning/Learn Enough Projects/sample_app/app/controllers&quot;, &quot;/home/nameless_ghoul/Documents/Work/LoudCloudPH/Learning/Learn Enough Projects/sample_app/app/controllers/concerns&quot;, &quot;/home/nameless_ghoul/Documents/Work/LoudCloudPH/Learning/Learn Enough Projects/sample_app/app/helpers&quot;, &quot;/home/nameless_ghoul/Documents/Work/LoudCloudPH/Learning/Learn Enough Projects/sample_app/app/jobs&quot;, &quot;/home/nameless_ghoul/Documents/Work/LoudCloudPH/Learning/Learn Enough Projects/sample_app/app/mailers&quot;, &quot;/home/nameless_ghoul/Documents/Work/LoudCloudPH/Learning/Learn Enough Projects/sample_app/app/models&quot;, &quot;/home/nameless_ghoul/Documents/Work/LoudCloudPH/Learning/Learn Enough Projects/sample_app/app/models/concerns&quot;], @_all_load_paths=[&quot;/home/nameless_ghoul/Documents/Work/LoudCloudPH/Learning/Learn Enough Projects/sample_app/lib&quot;, &quot;/home/nameless_ghoul/Documents/Work/LoudCloudPH/Learning/Learn Enough Projects/sample_app/vendor&quot;, &quot;/home/nameless_ghoul/Documents/Work/LoudCloudPH/Learning/Learn Enough Projects/sample_app/app/channels&quot;, &quot;/home/nameless_ghoul/Documents/Work/LoudCloudPH/Learning/Learn Enough Projects/sample_app/app/controllers&quot;, &quot;/home/nameless_ghoul/Documents/Work/LoudCloudPH/Learning/Learn Enough Projects/sample_app/app/controllers/concerns&quot;, &quot;/home/nameless_ghoul/Documents/Work/LoudCloudPH/Learning/Learn Enough Projects/sample_app/app/helpers&quot;, &quot;/home/nameless_ghoul/Documents/Work/LoudCloudPH/Learning/Learn Enough Projects/sample_app/app/jobs&quot;, &quot;/home/nameless_ghoul/Documents/Work/LoudCloudPH/Learning/Learn Enough Projects/sample_app/app/mailers&quot;, &quot;/home/nameless_ghoul/Documents/Work/LoudCloudPH/Learning/Learn Enough Projects/sample_app/app/models&quot;, &quot;/home/nameless_ghoul/Documents/Work/LoudCloudPH/Learning/Learn Enough Projects/sample_app/app/models/concerns&quot;], @app=#&lt;ActionDispatch::HostAuthorization:0x0000558f2c308b60 @app=#&lt;Rack::Sendfile:0x0000558f2c308c28 @app=#&lt;ActionDispatch::Static:0x0000558f2c2fc180 @app=#&lt;ActionDispatch::Executor:0x0000558f2c2fc248 @app=#&lt;ActiveSupport::Cache::Strategy::LocalCache::Middleware:0x0000558f2a8eaee0 @name=&quot;ActiveSupport::Cache::Strategy::LocalCache&quot;, @local_cache_key=:active_support_cache_null_store_local_cache_10680, @app=#&lt;Rack::Runtime:0x0000558f2c2fc310 @app=#&lt;Rack::MethodOverride:0x0000558f2c2fc388 @app=#&lt;ActionDispatch::RequestId:0x0000558f2c2fc400 @app=#&lt;ActionDispatch::RemoteIp:0x0000558f2c2fc4a0 @app=#&lt;Rails::Rack::Logger:0x0000558f2c2fc540 @app=#&lt;ActionDispatch::ShowExceptions:0x0000558f2c2fc5b8 @app=#&lt;ActionDispatch::DebugExceptions:0x0000558f2c2fc680 @app=#&lt;ActionDispatch::ActionableExceptions:0x0000558f2c2fc6f8 @app=#&lt;ActionDispatch::Reloader:0x0000558f2c2fc798 @app=#&lt;ActionDispatch::Callbacks:0x0000558f2c2fc810 @app=#&lt;ActionDispatch::Cookies:0x0000558f2c2fc888 @app=#&lt;ActionDispatch::Session::CookieStore:0x0000558f2c2fca90 @app=#&lt;ActionDispatch::ContentSecurityPolicy::Middleware:0x0000558f2c2fcb58 @app=#&lt;ActionDispatch::PermissionsPolicy::Middleware:0x0000558f2c2fcbd0 @app=#&lt;Rack::Head:0x0000558f2c2fcc48 @app=#&lt;Rack::ConditionalGet:0x0000558f2c2fccc0 @app=#&lt;Rack::ETag:0x0000558f2c2fcd38 @app=#&lt;Rack::TempfileReaper:0x0000558f2c2fcdb0 @app=#&lt;ActionDispatch::Routing::RouteSet:0x0000558f2c02a3f8&gt;&gt;, @cache_control=&quot;max-age=0, private, must-revalidate&quot;, @no_cache_control=&quot;no-cache&quot;&gt;&gt;&gt;&gt;&gt;, @default_options={:path=&gt;&quot;/&quot;, :domain=&gt;nil, :expire_after=&gt;nil, :secure=&gt;false, :httponly=&gt;true, :defer=&gt;false, :renew=&gt;false}, @key=&quot;_sample_app_session&quot;, @cookie_only=true, @same_site=nil&gt;&gt;&gt;, @executor=#&lt;Class:0x0000558f2bc473d0&gt;&gt;&gt;, @routes_app=#&lt;SampleApp::Application:0x0000558f2bc127e8 ...&gt;, @response_format=:default, @interceptors=[]&gt;, @exceptions_app=#&lt;ActionDispatch::PublicExceptions:0x0000558f2c23fee0 @public_path=#&lt;Pathname:/home/nameless_ghoul/Documents/Work/LoudCloudPH/Learning/Learn Enough Projects/sample_app/public&gt;&gt;&gt;, @taggers=[]&gt;, @check_ip=true, @proxies=[#&lt;IPAddr: IPv4:127.0.0.0/255.0.0.0&gt;, #&lt;IPAddr: IPv6:0000:0000:0000:0000:0000:0000:0000:0001/ffff:ffff:ffff:ffff:ffff:ffff:ffff:ffff&gt;, #&lt;IPAddr: IPv6:fc00:0000:0000:0000:0000:0000:0000:0000/fe00:0000:0000:0000:0000:0000:0000:0000&gt;, #&lt;IPAddr: IPv4:10.0.0.0/255.0.0.0&gt;, #&lt;IPAddr: IPv4:172.16.0.0/255.240.0.0&gt;, #&lt;IPAddr: IPv4:192.168.0.0/255.255.0.0&gt;]&gt;, @header=&quot;X-Request-Id&quot;&gt;&gt;, @header_name=&quot;X-Runtime&quot;&gt;&gt;, @executor=#&lt;Class:0x0000558f2bc1c7c0&gt;&gt;, @file_handler=#&lt;ActionDispatch::FileHandler:0x0000558f2c2fc108 @root=&quot;/home/nameless_ghoul/Documents/Work/LoudCloudPH/Learning/Learn Enough Projects/sample_app/public&quot;, @index=&quot;index&quot;, @precompressed=[&quot;br&quot;, &quot;gzip&quot;, &quot;identity&quot;], @compressible_content_types=/\A(?:text\/|application\/javascript)/, @file_server=#&lt;Rack::Files:0x0000558f2c308db8 @root=&quot;/home/nameless_ghoul/Documents/Work/LoudCloudPH/Learning/Learn Enough Projects/sample_app/public&quot;, @headers={&quot;Cache-Control&quot;=&gt;&quot;public, max-age=3600&quot;}, @default_mime=&quot;text/plain&quot;, @head=#&lt;Rack::Head:0x0000558f2c308ca0 @app=#&lt;Proc:0x0000558f2c308cf0 /home/nameless_ghoul/.rbenv/versions/3.0.0/lib/ruby/gems/3.0.0/gems/rack-2.2.3/lib/rack/files.rb:33 (lambda)&gt;&gt;&gt;&gt;&gt;, @variation=nil, @mappings=[]&gt;, @permissions=#&lt;ActionDispatch::HostAuthorization::Permissions:0x0000558f2c308b10 @hosts=[]&gt;, @exclude=nil, @response_app=#&lt;ActionDispatch::HostAuthorization::DefaultResponseApp:0x0000558f2c308a48&gt;&gt;, @config=#&lt;Rails::Application::Configuration:0x0000558f2bc46c00 @root=#&lt;Pathname:/home/nameless_ghoul/Documents/Work/LoudCloudPH/Learning/Learn Enough Projects/sample_app&gt;, @generators=#&lt;Rails::Configuration::Generators:0x0000558f29ee3af0 @aliases={}, @options={:rails=&gt;{:orm=&gt;:active_record, :test_framework=&gt;:test_unit, :integration_tool=&gt;:test_unit, :system_tests=&gt;:test_unit, :stylesheet_engine=&gt;:scss}, :active_record=&gt;{:migration=&gt;true, :timestamps=&gt;true}, :test_unit=&gt;{:fixture=&gt;true, :fixture_replacement=&gt;nil}}, @fallbacks={}, @templates=[], @colorize_logging=true, @api_only=false, @hidden_namespaces=[&quot;sass&quot;], @after_generate_callbacks=[]&gt;, @middleware=#&lt;ActionDispatch::MiddlewareStack:0x0000558f2c1da018 @middlewares=[ActionDispatch::HostAuthorization, Rack::Sendfile, ActionDispatch::Static, ActionDispatch::Executor, ActiveSupport::Cache::Strategy::LocalCache::Middleware, Rack::Runtime, Rack::MethodOverride, ActionDispatch::RequestId, ActionDispatch::RemoteIp, Rails::Rack::Logger, ActionDispatch::ShowExceptions, ActionDispatch::DebugExceptions, ActionDispatch::ActionableExceptions, ActionDispatch::Reloader, ActionDispatch::Callbacks, ActionDispatch::Cookies, ActionDispatch::Session::CookieStore, ActionDispatch::Flash, ActionDispatch::ContentSecurityPolicy::Middleware, ActionDispatch::PermissionsPolicy::Middleware, Rack::Head, Rack::ConditionalGet, Rack::ETag, Rack::TempfileReaper]&gt;, @javascript_path=&quot;javascript&quot;, @encoding=#&lt;Encoding:UTF-8&gt;, @allow_concurrency=nil, @consider_all_requests_local=true, @filter_parameters=[:passw, :secret, :token, :_key, :crypt, :salt, :certificate, :otp, :ssn], @filter_redirect=[], @helpers_paths=[&quot;/home/nameless_ghoul/Documents/Work/LoudCloudPH/Learning/Learn Enough Projects/sample_app/app/helpers&quot;], @hosts=[], @host_authorization={}, @public_file_server=#&lt;ActiveSupport::OrderedOptions {:enabled=&gt;true, :index_name=&gt;&quot;index&quot;, :headers=&gt;{&quot;Cache-Control&quot;=&gt;&quot;public, max-age=3600&quot;}}&gt;, @force_ssl=false, @ssl_options={:hsts=&gt;{:subdomains=&gt;true}}, @session_store=:cookie_store, @time_zone=&quot;UTC&quot;, @beginning_of_week=:monday, @log_level=:debug, @cache_store=:null_store, @railties_order=[:all], @relative_url_root=nil, @reload_classes_only_on_change=true, @file_watcher=ActiveSupport::FileUpdateChecker, @exceptions_app=nil, @autoflush_log=true, @log_formatter=#&lt;ActiveSupport::Logger::SimpleFormatter:0x0000558f2bc461d8 @datetime_format=nil&gt;, @eager_load=false, @secret_key_base=nil, @api_only=false, @debug_exception_response_format=nil, @x=#&lt;Rails::Application::Configuration::Custom:0x0000558f2bc46188 @configurations={}&gt;, @enable_dependency_loading=false, @read_encrypted_secrets=false, @content_security_policy=nil, @content_security_policy_report_only=false, @content_security_policy_nonce_generator=nil, @content_security_policy_nonce_directives=nil, @require_master_key=false, @loaded_config_version=6.1, @credentials=#&lt;ActiveSupport::OrderedOptions {:content_path=&gt;#&lt;Pathname:/home/nameless_ghoul/Documents/Work/LoudCloudPH/Learning/Learn Enough Projects/sample_app/config/credentials.yml.enc&gt;, :key_path=&gt;#&lt;Pathname:/home/nameless_ghoul/Documents/Work/LoudCloudPH/Learning/Learn Enough Projects/sample_app/config/master.key&gt;}&gt;, @autoloader=:zeitwerk, @disable_sandbox=false, @add_autoload_paths_to_load_path=true, @permissions_policy=nil, @rake_eager_load=false, @paths=#&lt;Rails::Paths::Root:0x0000558f2bcec7e0 @path=#&lt;Pathname:/home/nameless_ghoul/Documents/Work/LoudCloudPH/Learning/Learn Enough Projects/sample_app&gt;, @root={&quot;app&quot;=&gt;#&lt;Rails::Paths::Path:0x0000558f2bcec6f0 @paths=[&quot;app&quot;], @current=&quot;app&quot;, @root=#&lt;Rails::Paths::Root:0x0000558f2bcec7e0 ...&gt;, @glob=&quot;{*,*/concerns}&quot;, @exclude=[&quot;assets&quot;, &quot;javascript&quot;], @autoload_once=false, @eager_load=true, @autoload=false, @load_path=false&gt;, &quot;app/assets&quot;=&gt;#&lt;Rails::Paths::Path:0x0000558f2bcec678 @paths=[&quot;app/assets&quot;], @current=&quot;app/assets&quot;, @root=#&lt;Rails::Paths::Root:0x0000558f2bcec7e0 ...&gt;, @glob=&quot;*&quot;, @exclude=nil, @autoload_once=false, @eager_load=false, @autoload=false, @load_path=false&gt;, &quot;app/controllers&quot;=&gt;#&lt;Rails::Paths::Path:0x0000558f2bcec600 @paths=[&quot;app/controllers&quot;], @current=&quot;app/controllers&quot;, @root=#&lt;Rails::Paths::Root:0x0000558f2bcec7e0 ...&gt;, @glob=nil, @exclude=nil, @autoload_once=false, @eager_load=true, @autoload=false, @load_path=false&gt;, &quot;app/channels&quot;=&gt;#&lt;Rails::Paths::Path:0x0000558f2bcec588 @paths=[&quot;app/channels&quot;], @current=&quot;app/channels&quot;, @root=#&lt;Rails::Paths::Root:0x0000558f2bcec7e0 ...&gt;, @glob=&quot;**/*_channel.rb&quot;, @exclude=nil, @autoload_once=false, @eager_load=true, @autoload=false, @load_path=false&gt;, &quot;app/helpers&quot;=&gt;#&lt;Rails::Paths::Path:0x0000558f2bcec510 @paths=[&quot;app/helpers&quot;], @current=&quot;app/helpers&quot;, @root=#&lt;Rails::Paths::Root:0x0000558f2bcec7e0 ...&gt;, @glob=nil, @exclude=nil, @autoload_once=false, @eager_load=true, @autoload=false, @load_path=false&gt;, &quot;app/models&quot;=&gt;#&lt;Rails::Paths::Path:0x0000558f2bcec498 @paths=[&quot;app/models&quot;], @current=&quot;app/models&quot;, @root=#&lt;Rails::Paths::Root:0x0000558f2bcec7e0 ...&gt;, @glob=nil, @exclude=nil, @autoload_once=false, @eager_load=true, @autoload=false, @load_path=false&gt;, &quot;app/mailers&quot;=&gt;#&lt;Rails::Paths::Path:0x0000558f2bcec420 @paths=[&quot;app/mailers&quot;], @current=&quot;app/mailers&quot;, @root=#&lt;Rails::Paths::Root:0x0000558f2bcec7e0 ...&gt;, @glob=nil, @exclude=nil, @autoload_once=false, @eager_load=true, @autoload=false, @load_path=false&gt;, &quot;app/views&quot;=&gt;#&lt;Rails::Paths::Path:0x0000558f2bcec3a8 @paths=[&quot;app/views&quot;], @current=&quot;app/views&quot;, @root=#&lt;Rails::Paths::Root:0x0000558f2bcec7e0 ...&gt;, @glob=nil, @exclude=nil, @autoload_once=false, @eager_load=false, @autoload=false, @load_path=false&gt;, &quot;lib&quot;=&gt;#&lt;Rails::Paths::Path:0x0000558f2bcec330 @paths=[&quot;lib&quot;], @current=&quot;lib&quot;, @root=#&lt;Rails::Paths::Root:0x0000558f2bcec7e0 ...&gt;, @glob=nil, @exclude=nil, @autoload_once=false, @eager_load=false, @autoload=false, @load_path=true&gt;, &quot;lib/assets&quot;=&gt;#&lt;Rails::Paths::Path:0x0000558f2bcec2b8 @paths=[&quot;lib/assets&quot;], @current=&quot;lib/assets&quot;, @root=#&lt;Rails::Paths::Root:0x0000558f2bcec7e0 ...&gt;, @glob=&quot;*&quot;, @exclude=nil, @autoload_once=false, @eager_load=false, @autoload=false, @load_path=false&gt;, &quot;lib/tasks&quot;=&gt;#&lt;Rails::Paths::Path:0x0000558f2bcec240 @paths=[&quot;lib/tasks&quot;], @current=&quot;lib/tasks&quot;, @root=#&lt;Rails::Paths::Root:0x0000558f2bcec7e0 ...&gt;, @glob=&quot;**/*.rake&quot;, @exclude=nil, @autoload_once=false, @eager_load=false, @autoload=false, @load_path=false&gt;, &quot;config&quot;=&gt;#&lt;Rails::Paths::Path:0x0000558f2bcec1c8 @paths=[&quot;config&quot;], @current=&quot;config&quot;, @root=#&lt;Rails::Paths::Root:0x0000558f2bcec7e0 ...&gt;, @glob=nil, @exclude=nil, @autoload_once=false, @eager_load=false, @autoload=false, @load_path=false&gt;, &quot;config/environments&quot;=&gt;#&lt;Rails::Paths::Path:0x0000558f2bcec128 @paths=[&quot;config/environments&quot;], @current=&quot;config/environments&quot;, @root=#&lt;Rails::Paths::Root:0x0000558f2bcec7e0 ...&gt;, @glob=&quot;test.rb&quot;, @exclude=nil, @autoload_once=false, @eager_load=false, @autoload=false, @load_path=false&gt;, &quot;config/initializers&quot;=&gt;#&lt;Rails::Paths::Path:0x0000558f2bcec0b0 @paths=[&quot;config/initializers&quot;], @current=&quot;config/initializers&quot;, @root=#&lt;Rails::Paths::Root:0x0000558f2bcec7e0 ...&gt;, @glob=&quot;**/*.rb&quot;, @exclude=nil, @autoload_once=false, @eager_load=false, @autoload=false, @load_path=false&gt;, &quot;config/locales&quot;=&gt;#&lt;Rails::Paths::Path:0x0000558f2bcec038 @paths=[&quot;config/locales&quot;], @current=&quot;config/locales&quot;, @root=#&lt;Rails::Paths::Root:0x0000558f2bcec7e0 ...&gt;, @glob=&quot;*.{rb,yml}&quot;, @exclude=nil, @autoload_once=false, @eager_load=false, @autoload=false, @load_path=false&gt;, &quot;config/routes.rb&quot;=&gt;#&lt;Rails::Paths::Path:0x0000558f2bcf7fa0 @paths=[&quot;config/routes.rb&quot;], @current=&quot;config/routes.rb&quot;, @root=#&lt;Rails::Paths::Root:0x0000558f2bcec7e0 ...&gt;, @glob=nil, @exclude=nil, @autoload_once=false, @eager_load=false, @autoload=false, @load_path=false&gt;, &quot;config/routes&quot;=&gt;#&lt;Rails::Paths::Path:0x0000558f2bcf7f28 @paths=[&quot;config/routes&quot;], @current=&quot;config/routes&quot;, @root=#&lt;Rails::Paths::Root:0x0000558f2bcec7e0 ...&gt;, @glob=&quot;**/*.rb&quot;, @exclude=nil, @autoload_once=false, @eager_load=false, @autoload=false, @load_path=false&gt;, &quot;db&quot;=&gt;#&lt;Rails::Paths::Path:0x0000558f2bcf7eb0 @paths=[&quot;db&quot;], @current=&quot;db&quot;, @root=#&lt;Rails::Paths::Root:0x0000558f2bcec7e0 ...&gt;, @glob=nil, @exclude=nil, @autoload_once=false, @eager_load=false, @autoload=false, @load_path=false&gt;, &quot;db/migrate&quot;=&gt;#&lt;Rails::Paths::Path:0x0000558f2bcf7e38 @paths=[&quot;db/migrate&quot;], @current=&quot;db/migrate&quot;, @root=#&lt;Rails::Paths::Root:0x0000558f2bcec7e0 ...&gt;, @glob=nil, @exclude=nil, @autoload_once=false, @eager_load=false, @autoload=false, @load_path=false&gt;, &quot;db/seeds.rb&quot;=&gt;#&lt;Rails::Paths::Path:0x0000558f2bcf7dc0 @paths=[&quot;db/seeds.rb&quot;], @current=&quot;db/seeds.rb&quot;, @root=#&lt;Rails::Paths::Root:0x0000558f2bcec7e0 ...&gt;, @glob=nil, @exclude=nil, @autoload_once=false, @eager_load=false, @autoload=false, @load_path=false&gt;, &quot;vendor&quot;=&gt;#&lt;Rails::Paths::Path:0x0000558f2bcf7d48 @paths=[&quot;vendor&quot;], @current=&quot;vendor&quot;, @root=#&lt;Rails::Paths::Root:0x0000558f2bcec7e0 ...&gt;, @glob=nil, @exclude=nil, @autoload_once=false, @eager_load=false, @autoload=false, @load_path=true&gt;, &quot;vendor/assets&quot;=&gt;#&lt;Rails::Paths::Path:0x0000558f2bcf7cd0 @paths=[&quot;vendor/assets&quot;], @current=&quot;vendor/assets&quot;, @root=#&lt;Rails::Paths::Root:0x0000558f2bcec7e0 ...&gt;, @glob=&quot;*&quot;, @exclude=nil, @autoload_once=false, @eager_load=false, @autoload=false, @load_path=false&gt;, &quot;config/database&quot;=&gt;#&lt;Rails::Paths::Path:0x0000558f2bcf7c30 @paths=[&quot;config/database.yml&quot;], @current=&quot;config/database&quot;, @root=#&lt;Rails::Paths::Root:0x0000558f2bcec7e0 ...&gt;, @glob=nil, @exclude=nil, @autoload_once=false, @eager_load=false, @autoload=false, @load_path=false&gt;, &quot;config/secrets&quot;=&gt;#&lt;Rails::Paths::Path:0x0000558f2bcf7b90 @paths=[&quot;config&quot;], @current=&quot;config/secrets&quot;, @root=#&lt;Rails::Paths::Root:0x0000558f2bcec7e0 ...&gt;, @glob=&quot;secrets.yml{,.enc}&quot;, @exclude=nil, @autoload_once=false, @eager_load=false, @autoload=false, @load_path=false&gt;, &quot;config/environment&quot;=&gt;#&lt;Rails::Paths::Path:0x0000558f2bcf7af0 @paths=[&quot;config/environment.rb&quot;], @current=&quot;config/environment&quot;, @root=#&lt;Rails::Paths::Root:0x0000558f2bcec7e0 ...&gt;, @glob=nil, @exclude=nil, @autoload_once=false, @eager_load=false, @autoload=false, @load_path=false&gt;, &quot;lib/templates&quot;=&gt;#&lt;Rails::Paths::Path:0x0000558f2bcf7a78 @paths=[&quot;lib/templates&quot;], @current=&quot;lib/templates&quot;, @root=#&lt;Rails::Paths::Root:0x0000558f2bcec7e0 ...&gt;, @glob=nil, @exclude=nil, @autoload_once=false, @eager_load=false, @autoload=false, @load_path=false&gt;, &quot;log&quot;=&gt;#&lt;Rails::Paths::Path:0x0000558f2bcf79b0 @paths=[&quot;log/test.log&quot;], @current=&quot;log&quot;, @root=#&lt;Rails::Paths::Root:0x0000558f2bcec7e0 ...&gt;, @glob=nil, @exclude=nil, @autoload_once=false, @eager_load=false, @autoload=false, @load_path=false&gt;, &quot;public&quot;=&gt;#&lt;Rails::Paths::Path:0x0000558f2bcf7938 @paths=[&quot;public&quot;], @current=&quot;public&quot;, @root=#&lt;Rails::Paths::Root:0x0000558f2bcec7e0 ...&gt;, @glob=nil, @exclude=nil, @autoload_once=false, @eager_load=false, @autoload=false, @load_path=false&gt;, &quot;public/javascripts&quot;=&gt;#&lt;Rails::Paths::Path:0x0000558f2bcf78c0 @paths=[&quot;public/javascripts&quot;], @current=&quot;public/javascripts&quot;, @root=#&lt;Rails::Paths::Root:0x0000558f2bcec7e0 ...&gt;, @glob=nil, @exclude=nil, @autoload_once=false, @eager_load=false, @autoload=false, @load_path=false&gt;, &quot;public/stylesheets&quot;=&gt;#&lt;Rails::Paths::Path:0x0000558f2bcf7848 @paths=[&quot;public/stylesheets&quot;], @current=&quot;public/stylesheets&quot;, @root=#&lt;Rails::Paths::Root:0x0000558f2bcec7e0 ...&gt;, @glob=nil, @exclude=nil, @autoload_once=false, @eager_load=false, @autoload=false, @load_path=false&gt;, &quot;tmp&quot;=&gt;#&lt;Rails::Paths::Path:0x0000558f2bcf77d0 @paths=[&quot;tmp&quot;], @current=&quot;tmp&quot;, @root=#&lt;Rails::Paths::Root:0x0000558f2bcec7e0 ...&gt;, @glob=nil, @exclude=nil, @autoload_once=false, @eager_load=false, @autoload=false, @load_path=false&gt;, &quot;config/cable&quot;=&gt;#&lt;Rails::Paths::Path:0x0000558f2c1759b0 @paths=[&quot;config/cable.yml&quot;], @current=&quot;config/cable&quot;, @root=#&lt;Rails::Paths::Root:0x0000558f2bcec7e0 ...&gt;, @glob=nil, @exclude=nil, @autoload_once=false, @eager_load=false, @autoload=false, @load_path=false&gt;}&gt;, @cache_classes=false, @autoload_paths=[], @eager_load_paths=[&quot;/home/nameless_ghoul/Documents/Work/LoudCloudPH/Learning/Learn Enough Projects/sample_app/app/channels&quot;, &quot;/home/nameless_ghoul/Documents/Work/LoudCloudPH/Learning/Learn Enough Projects/sample_app/app/controllers&quot;, &quot;/home/nameless_ghoul/Documents/Work/LoudCloudPH/Learning/Learn Enough Projects/sample_app/app/controllers/concerns&quot;, &quot;/home/nameless_ghoul/Documents/Work/LoudCloudPH/Learning/Learn Enough Projects/sample_app/app/helpers&quot;, &quot;/home/nameless_ghoul/Documents/Work/LoudCloudPH/Learning/Learn Enough Projects/sample_app/app/jobs&quot;, &quot;/home/nameless_ghoul/Documents/Work/LoudCloudPH/Learning/Learn Enough Projects/sample_app/app/mailers&quot;, &quot;/home/nameless_ghoul/Documents/Work/LoudCloudPH/Learning/Learn Enough Projects/sample_app/app/models&quot;, &quot;/home/nameless_ghoul/Documents/Work/LoudCloudPH/Learning/Learn Enough Projects/sample_app/app/models/concerns&quot;], @autoload_once_paths=[], @session_options={:key=&gt;&quot;_sample_app_session&quot;, :cookie_only=&gt;true}&gt;, @env_config=nil, @helpers=nil, @routes=#&lt;ActionDispatch::Routing::RouteSet:0x0000558f2c02a3f8&gt;, @app_build_lock=#&lt;Thread::Mutex:0x0000558f2bc12770&gt;, @initialized=true, @reloaders=[#&lt;ActiveSupport::FileUpdateChecker:0x0000558f2c32b480 @files=[&quot;/home/nameless_ghoul/.rbenv/versions/3.0.0/lib/ruby/gems/3.0.0/gems/activesupport-6.1.5/lib/active_support/locale/en.yml&quot;, &quot;/home/nameless_ghoul/.rbenv/versions/3.0.0/lib/ruby/gems/3.0.0/gems/activesupport-6.1.5/lib/active_support/locale/en.rb&quot;, &quot;/home/nameless_ghoul/.rbenv/versions/3.0.0/lib/ruby/gems/3.0.0/gems/activemodel-6.1.5/lib/active_model/locale/en.yml&quot;, &quot;/home/nameless_ghoul/.rbenv/versions/3.0.0/lib/ruby/gems/3.0.0/gems/activerecord-6.1.5/lib/active_record/locale/en.yml&quot;, &quot;/home/nameless_ghoul/.rbenv/versions/3.0.0/lib/ruby/gems/3.0.0/gems/actionview-6.1.5/lib/action_view/locale/en.yml&quot;, &quot;/home/nameless_ghoul/.rbenv/versions/3.0.0/lib/ruby/gems/3.0.0/gems/faker-2.20.0/lib/locales/ar.yml&quot;, &quot;/home/nameless_ghoul/.rbenv/versions/3.0.0/lib/ruby/gems/3.0.0/gems/faker-2.20.0/lib/locales/bg.yml&quot;, &quot;/home/nameless_ghoul/.rbenv/versions/3.0.0/lib/ruby/gems/3.0.0/gems/faker-2.20.0/lib/locales/ca-CAT.yml&quot;, &quot;/home/nameless_ghoul/.rbenv/versions/3.0.0/lib/ruby/gems/3.0.0/gems/faker-2.20.0/lib/locales/ca.yml&quot;, &quot;/home/nameless_ghoul/.rbenv/versions/3.0.0/lib/ruby/gems/3.0.0/gems/faker-2.20.0/lib/locales/da-DK.yml&quot;, &quot;/home/nameless_ghoul/.rbenv/versions/3.0.0/lib/ruby/gems/3.0.0/gems/faker-2.20.0/lib/locales/de-AT.yml&quot;, &quot;/home/nameless_ghoul/.rbenv/versions/3.0.0/lib/ruby/gems/3.0.0/gems/faker-2.20.0/lib/locales/de-CH.yml&quot;, &quot;/home/nameless_ghoul/.rbenv/versions/3.0.0/lib/ruby/gems/3.0.0/gems/faker-2.20.0/lib/locales/de.yml&quot;, &quot;/home/nameless_ghoul/.rbenv/versions/3.0.0/lib/ruby/gems/3.0.0/gems/faker-2.20.0/lib/locales/ee.yml&quot;, &quot;/home/nameless_ghoul/.rbenv/versions/3.0.0/lib/ruby/gems/3.0.0/gems/faker-2.20.0/lib/locales/en/address.yml&quot;, &quot;/home/nameless_ghoul/.rbenv/versions/3.0.0/lib/ruby/gems/3.0.0/gems/faker-2.20.0/lib/locales/en/adjective.yml&quot;, &quot;/home/nameless_ghoul/.rbenv/versions/3.0.0/lib/ruby/gems/3.0.0/gems/faker-2.20.0/lib/locales/en/ancient.yml&quot;, &quot;/home/nameless_ghoul/.rbenv/versions/3.0.0/lib/ruby/gems/3.0.0/gems/faker-2.20.0/lib/locales/en/animal.yml&quot;, &quot;/home/nameless_ghoul/.rbenv/versions/3.0.0/lib/ruby/gems/3.0.0/gems/faker-2.20.0/lib/locales/en/app.yml&quot;, &quot;/home/nameless_ghoul/.rbenv/versions/3.0.0/lib/ruby/gems/3.0.0/gems/faker-2.20.0/lib/locales/en/appliance.yml&quot;, &quot;/home/nameless_ghoul/.rbenv/versions/3.0.0/lib/ruby/gems/3.0.0/gems/faker-2.20.0/lib/locales/en/aqua_teen_hunger_force.yml&quot;, &quot;/home/nameless_ghoul/.rbenv/versions/3.0.0/lib/ruby/gems/3.0.0/gems/faker-2.20.0/lib/locales/en/artist.yml&quot;, &quot;/home/nameless_ghoul/.rbenv/versions/3.0.0/lib/ruby/gems/3.0.0/gems/faker-2.20.0/lib/locales/en/australia.yml&quot;, &quot;/home/nameless_ghoul/.rbenv/versions/3.0.0/lib/ruby/gems/3.0.0/gems/faker-2.20.0/lib/locales/en/back_to_the_future.yml&quot;, &quot;/home/nameless_ghoul/.rbenv/versions/3.0.0/lib/ruby/gems/3.0.0/gems/faker-2.20.0/lib/locales/en/bank.yml&quot;, &quot;/home/nameless_ghoul/.rbenv/versions/3.0.0/lib/ruby/gems/3.0.0/gems/faker-2.20.0/lib/locales/en/barcode.yml&quot;, &quot;/home/nameless_ghoul/.rbenv/versions/3.0.0/lib/ruby/gems/3.0.0/gems/faker-2.20.0/lib/locales/en/basketball.yml&quot;, &quot;/home/nameless_ghoul/.rbenv/versions/3.0.0/lib/ruby/gems/3.0.0/gems/faker-2.20.0/lib/locales/en/beer.yml&quot;, &quot;/home/nameless_ghoul/.rbenv/versions/3.0.0/lib/ruby/gems/3.0.0/gems/faker-2.20.0/lib/locales/en/bible.yml&quot;, &quot;/home/nameless_ghoul/.rbenv/versions/3.0.0/lib/ruby/gems/3.0.0/gems/faker-2.20.0/lib/locales/en/big_bang_theory.yml&quot;, &quot;/home/nameless_ghoul/.rbenv/versions/3.0.0/lib/ruby/gems/3.0.0/gems/faker-2.20.0/lib/locales/en/bird.yml&quot;, &quot;/home/nameless_ghoul/.rbenv/versions/3.0.0/lib/ruby/gems/3.0.0/gems/faker-2.20.0/lib/locales/en/blood.yml&quot;, &quot;/home/nameless_ghoul/.rbenv/versions/3.0.0/lib/ruby/gems/3.0.0/gems/faker-2.20.0/lib/locales/en/bojack_horseman.yml&quot;, &quot;/home/nameless_ghoul/.rbenv/versions/3.0.0/lib/ruby/gems/3.0.0/gems/faker-2.20.0/lib/locales/en/book.yml&quot;, &quot;/home/nameless_ghoul/.rbenv/versions/3.0.0/lib/ruby/gems/3.0.0/gems/faker-2.20.0/lib/locales/en/bossa_nova.yml&quot;, &quot;/home/nameless_ghoul/.rbenv/versions/3.0.0/lib/ruby/gems/3.0.0/gems/faker-2.20.0/lib/locales/en/breaking_bad.yml&quot;, &quot;/home/nameless_ghoul/.rbenv/versions/3.0.0/lib/ruby/gems/3.0.0/gems/faker-2.20.0/lib/locales/en/brooklyn_nine_nine.yml&quot;, &quot;/home/nameless_ghoul/.rbenv/versions/3.0.0/lib/ruby/gems/3.0.0/gems/faker-2.20.0/lib/locales/en/buffy.yml&quot;, &quot;/home/nameless_ghoul/.rbenv/versions/3.0.0/lib/ruby/gems/3.0.0/gems/faker-2.20.0/lib/locales/en/business.yml&quot;, &quot;/home/nameless_ghoul/.rbenv/versions/3.0.0/lib/ruby/gems/3.0.0/gems/faker-2.20.0/lib/locales/en/camera.yml&quot;, &quot;/home/nameless_ghoul/.rbenv/versions/3.0.0/lib/ruby/gems/3.0.0/gems/faker-2.20.0/lib/locales/en/cannabis.yml&quot;, &quot;/home/nameless_ghoul/.rbenv/versions/3.0.0/lib/ruby/gems/3.0.0/gems/faker-2.20.0/lib/locales/en/cat.yml&quot;, &quot;/home/nameless_ghoul/.rbenv/versions/3.0.0/lib/ruby/gems/3.0.0/gems/faker-2.20.0/lib/locales/en/chiquito.yml&quot;, &quot;/home/nameless_ghoul/.rbenv/versions/3.0.0/lib/ruby/gems/3.0.0/gems/faker-2.20.0/lib/locales/en/chuck_norris.yml&quot;, &quot;/home/nameless_ghoul/.rbenv/versions/3.0.0/lib/ruby/gems/3.0.0/gems/faker-2.20.0/lib/locales/en/clash_of_clan.yml&quot;, &quot;/home/nameless_ghoul/.rbenv/versions/3.0.0/lib/ruby/gems/3.0.0/gems/faker-2.20.0/lib/locales/en/code.yml&quot;, &quot;/home/nameless_ghoul/.rbenv/versions/3.0.0/lib/ruby/gems/3.0.0/gems/faker-2.20.0/lib/locales/en/coffee.yml&quot;, &quot;/home/nameless_ghoul/.rbenv/versions/3.0.0/lib/ruby/gems/3.0.0/gems/faker-2.20.0/lib/locales/en/coin.yml&quot;, &quot;/home/nameless_ghoul/.rbenv/versions/3.0.0/lib/ruby/gems/3.0.0/gems/faker-2.20.0/lib/locales/en/color.yml&quot;, &quot;/home/nameless_ghoul/.rbenv/versions/3.0.0/lib/ruby/gems/3.0.0/gems/faker-2.20.0/lib/locales/en/commerce.yml&quot;, &quot;/home/nameless_ghoul/.rbenv/versions/3.0.0/lib/ruby/gems/3.0.0/gems/faker-2.20.0/lib/locales/en/community.yml&quot;, &quot;/home/nameless_ghoul/.rbenv/versions/3.0.0/lib/ruby/gems/3.0.0/gems/faker-2.20.0/lib/locales/en/company.yml&quot;, &quot;/home/nameless_ghoul/.rbenv/versions/3.0.0/lib/ruby/gems/3.0.0/gems/faker-2.20.0/lib/locales/en/compass.yml&quot;, &quot;/home/nameless_ghoul/.rbenv/versions/3.0.0/lib/ruby/gems/3.0.0/gems/faker-2.20.0/lib/locales/en/computer.yml&quot;, &quot;/home/nameless_ghoul/.rbenv/versions/3.0.0/lib/ruby/gems/3.0.0/gems/faker-2.20.0/lib/locales/en/conan.yml&quot;, &quot;/home/nameless_ghoul/.rbenv/versions/3.0.0/lib/ruby/gems/3.0.0/gems/faker-2.20.0/lib/locales/en/construction.yml&quot;, &quot;/home/nameless_ghoul/.rbenv/versions/3.0.0/lib/ruby/gems/3.0.0/gems/faker-2.20.0/lib/locales/en/control.yml&quot;, &quot;/home/nameless_ghoul/.rbenv/versions/3.0.0/lib/ruby/gems/3.0.0/gems/faker-2.20.0/lib/locales/en/cosmere.yml&quot;, &quot;/home/nameless_ghoul/.rbenv/versions/3.0.0/lib/ruby/gems/3.0.0/gems/faker-2.20.0/lib/locales/en/crypto_coin.yml&quot;, &quot;/home/nameless_ghoul/.rbenv/versions/3.0.0/lib/ruby/gems/3.0.0/gems/faker-2.20.0/lib/locales/en/culture_series.yml&quot;, &quot;/home/nameless_ghoul/.rbenv/versions/3.0.0/lib/ruby/gems/3.0.0/gems/faker-2.20.0/lib/locales/en/currency.yml&quot;, &quot;/home/nameless_ghoul/.rbenv/versions/3.0.0/lib/ruby/gems/3.0.0/gems/faker-2.20.0/lib/locales/en/dc_comics.yml&quot;, &quot;/home/nameless_ghoul/.rbenv/versions/3.0.0/lib/ruby/gems/3.0.0/gems/faker-2.20.0/lib/locales/en/demographic.yml&quot;, &quot;/home/nameless_ghoul/.rbenv/versions/3.0.0/lib/ruby/gems/3.0.0/gems/faker-2.20.0/lib/locales/en/departed.yml&quot;, &quot;/home/nameless_ghoul/.rbenv/versions/3.0.0/lib/ruby/gems/3.0.0/gems/faker-2.20.0/lib/locales/en/dessert.yml&quot;, &quot;/home/nameless_ghoul/.rbenv/versions/3.0.0/lib/ruby/gems/3.0.0/gems/faker-2.20.0/lib/locales/en/device.yml&quot;, &quot;/home/nameless_ghoul/.rbenv/versions/3.0.0/lib/ruby/gems/3.0.0/gems/faker-2.20.0/lib/locales/en/dnd.yml&quot;, &quot;/home/nameless_ghoul/.rbenv/versions/3.0.0/lib/ruby/gems/3.0.0/gems/faker-2.20.0/lib/locales/en/dog.yml&quot;, &quot;/home/nameless_ghoul/.rbenv/versions/3.0.0/lib/ruby/gems/3.0.0/gems/faker-2.20.0/lib/locales/en/doraemon.yml&quot;, &quot;/home/nameless_ghoul/.rbenv/versions/3.0.0/lib/ruby/gems/3.0.0/gems/faker-2.20.0/lib/locales/en/dota.yml&quot;, &quot;/home/nameless_ghoul/.rbenv/versions/3.0.0/lib/ruby/gems/3.0.0/gems/faker-2.20.0/lib/locales/en/dr_who.yml&quot;, &quot;/home/nameless_ghoul/.rbenv/versions/3.0.0/lib/ruby/gems/3.0.0/gems/faker-2.20.0/lib/locales/en/dragon_ball.yml&quot;, &quot;/home/nameless_ghoul/.rbenv/versions/3.0.0/lib/ruby/gems/3.0.0/gems/faker-2.20.0/lib/locales/en/driving_license.yml&quot;, &quot;/home/nameless_ghoul/.rbenv/versions/3.0.0/lib/ruby/gems/3.0.0/gems/faker-2.20.0/lib/locales/en/drone.yml&quot;, &quot;/home/nameless_ghoul/.rbenv/versions/3.0.0/lib/ruby/gems/3.0.0/gems/faker-2.20.0/lib/locales/en/dumb_and_dumber.yml&quot;, &quot;/home/nameless_ghoul/.rbenv/versions/3.0.0/lib/ruby/gems/3.0.0/gems/faker-2.20.0/lib/locales/en/dune.yml&quot;, &quot;/home/nameless_ghoul/.rbenv/versions/3.0.0/lib/ruby/gems/3.0.0/gems/faker-2.20.0/lib/locales/en/educator.yml&quot;, &quot;/home/nameless_ghoul/.rbenv/versions/3.0.0/lib/ruby/gems/3.0.0/gems/faker-2.20.0/lib/locales/en/elder_scrolls.yml&quot;, &quot;/home/nameless_ghoul/.rbenv/versions/3.0.0/lib/ruby/gems/3.0.0/gems/faker-2.20.0/lib/locales/en/electrical_components.yml&quot;, &quot;/home/nameless_ghoul/.rbenv/versions/3.0.0/lib/ruby/gems/3.0.0/gems/faker-2.20.0/lib/locales/en/emotion.yml&quot;, &quot;/home/nameless_ghoul/.rbenv/versions/3.0.0/lib/ruby/gems/3.0.0/gems/faker-2.20.0/lib/locales/en/esport.yml&quot;, &quot;/home/nameless_ghoul/.rbenv/versions/3.0.0/lib/ruby/gems/3.0.0/gems/faker-2.20.0/lib/locales/en/fallout.yml&quot;, &quot;/home/nameless_ghoul/.rbenv/versions/3.0.0/lib/ruby/gems/3.0.0/gems/faker-2.20.0/lib/locales/en/family_guy.yml&quot;, &quot;/home/nameless_ghoul/.rbenv/versions/3.0.0/lib/ruby/gems/3.0.0/gems/faker-2.20.0/lib/locales/en/file.yml&quot;, &quot;/home/nameless_ghoul/.rbenv/versions/3.0.0/lib/ruby/gems/3.0.0/gems/faker-2.20.0/lib/locales/en/final_space.yml&quot;, &quot;/home/nameless_ghoul/.rbenv/versions/3.0.0/lib/ruby/gems/3.0.0/gems/faker-2.20.0/lib/locales/en/finance.yml&quot;, &quot;/home/nameless_ghoul/.rbenv/versions/3.0.0/lib/ruby/gems/3.0.0/gems/faker-2.20.0/lib/locales/en/fma_brotherhood.yml&quot;, &quot;/home/nameless_ghoul/.rbenv/versions/3.0.0/lib/ruby/gems/3.0.0/gems/faker-2.20.0/lib/locales/en/food.yml&quot;, &quot;/home/nameless_ghoul/.rbenv/versions/3.0.0/lib/ruby/gems/3.0.0/gems/faker-2.20.0/lib/locales/en/football.yml&quot;, &quot;/home/nameless_ghoul/.rbenv/versions/3.0.0/lib/ruby/gems/3.0.0/gems/faker-2.20.0/lib/locales/en/fresh_prince_of_bel_air.yml&quot;, &quot;/home/nameless_ghoul/.rbenv/versions/3.0.0/lib/ruby/gems/3.0.0/gems/faker-2.20.0/lib/locales/en/friends.yml&quot;, &quot;/home/nameless_ghoul/.rbenv/versions/3.0.0/lib/ruby/gems/3.0.0/gems/faker-2.20.0/lib/locales/en/funny_name.yml&quot;, &quot;/home/nameless_ghoul/.rbenv/versions/3.0.0/lib/ruby/gems/3.0.0/gems/faker-2.20.0/lib/locales/en/futurama.yml&quot;, &quot;/home/nameless_ghoul/.rbenv/versions/3.0.0/lib/ruby/gems/3.0.0/gems/faker-2.20.0/lib/locales/en/game.yml&quot;, &quot;/home/nameless_ghoul/.rbenv/versions/3.0.0/lib/ruby/gems/3.0.0/gems/faker-2.20.0/lib/locales/en/game_of_thrones.yml&quot;, &quot;/home/nameless_ghoul/.rbenv/versions/3.0.0/lib/ruby/gems/3.0.0/gems/faker-2.20.0/lib/locales/en/gender.yml&quot;, &quot;/home/nameless_ghoul/.rbenv/versions/3.0.0/lib/ruby/gems/3.0.0/gems/faker-2.20.0/lib/locales/en/ghostbusters.yml&quot;, &quot;/home/nameless_ghoul/.rbenv/versions/3.0.0/lib/ruby/gems/3.0.0/gems/faker-2.20.0/lib/locales/en/grateful_dead.yml&quot;, &quot;/home/nameless_ghoul/.rbenv/versions/3.0.0/lib/ruby/gems/3.0.0/gems/faker-2.20.0/lib/locales/en/greek_philosophers.yml&quot;, &quot;/home/nameless_ghoul/.rbenv/versions/3.0.0/lib/ruby/gems/3.0.0/gems/faker-2.20.0/lib/locales/en/hacker.yml&quot;, &quot;/home/nameless_ghoul/.rbenv/versions/3.0.0/lib/ruby/gems/3.0.0/gems/faker-2.20.0/lib/locales/en/half_life.yml&quot;, &quot;/home/nameless_ghoul/.rbenv/versions/3.0.0/lib/ruby/gems/3.0.0/gems/faker-2.20.0/lib/locales/en/harry_potter.yml&quot;, &quot;/home/nameless_ghoul/.rbenv/versions/3.0.0/lib/ruby/gems/3.0.0/gems/faker-2.20.0/lib/locales/en/heroes.yml&quot;, &quot;/home/nameless_ghoul/.rbenv/versions/3.0.0/lib/ruby/gems/3.0.0/gems/faker-2.20.0/lib/locales/en/heroes_of_the_storm.yml&quot;, &quot;/home/nameless_ghoul/.rbenv/versions/3.0.0/lib/ruby/gems/3.0.0/gems/faker-2.20.0/lib/locales/en/hey_arnold.yml&quot;, &quot;/home/nameless_ghoul/.rbenv/versions/3.0.0/lib/ruby/gems/3.0.0/gems/faker-2.20.0/lib/locales/en/hipster.yml&quot;, &quot;/home/nameless_ghoul/.rbenv/versions/3.0.0/lib/ruby/gems/3.0.0/gems/faker-2.20.0/lib/locales/en/hitchhikers_guide_to_the_galaxy.yml&quot;, &quot;/home/nameless_ghoul/.rbenv/versions/3.0.0/lib/ruby/gems/3.0.0/gems/faker-2.20.0/lib/locales/en/hobby.yml&quot;, &quot;/home/nameless_ghoul/.rbenv/versions/3.0.0/lib/ruby/gems/3.0.0/gems/faker-2.20.0/lib/locales/en/horse.yml&quot;, &quot;/home/nameless_ghoul/.rbenv/versions/3.0.0/lib/ruby/gems/3.0.0/gems/faker-2.20.0/lib/locales/en/house.yml&quot;, &quot;/home/nameless_ghoul/.rbenv/versions/3.0.0/lib/ruby/gems/3.0.0/gems/faker-2.20.0/lib/locales/en/how_i_met_your_mother.yml&quot;, &quot;/home/nameless_ghoul/.rbenv/versions/3.0.0/lib/ruby/gems/3.0.0/gems/faker-2.20.0/lib/locales/en/how_to_train_your_dragon.yml&quot;, &quot;/home/nameless_ghoul/.rbenv/versions/3.0.0/lib/ruby/gems/3.0.0/gems/faker-2.20.0/lib/locales/en/id_number.yml&quot;, &quot;/home/nameless_ghoul/.rbenv/versions/3.0.0/lib/ruby/gems/3.0.0/gems/faker-2.20.0/lib/locales/en/industry_segments.yml&quot;, &quot;/home/nameless_ghoul/.rbenv/versions/3.0.0/lib/ruby/gems/3.0.0/gems/faker-2.20.0/lib/locales/en/internet.yml&quot;, &quot;/home/nameless_ghoul/.rbenv/versions/3.0.0/lib/ruby/gems/3.0.0/gems/faker-2.20.0/lib/locales/en/invoice.yml&quot;, &quot;/home/nameless_ghoul/.rbenv/versions/3.0.0/lib/ruby/gems/3.0.0/gems/faker-2.20.0/lib/locales/en/jack_handey.yml&quot;, &quot;/home/nameless_ghoul/.rbenv/versions/3.0.0/lib/ruby/gems/3.0.0/gems/faker-2.20.0/lib/locales/en/job.yml&quot;, &quot;/home/nameless_ghoul/.rbenv/versions/3.0.0/lib/ruby/gems/3.0.0/gems/faker-2.20.0/lib/locales/en/kamen_rider.yml&quot;, &quot;/home/nameless_ghoul/.rbenv/versions/3.0.0/lib/ruby/gems/3.0.0/gems/faker-2.20.0/lib/locales/en/kpop.yml&quot;, &quot;/home/nameless_ghoul/.rbenv/versions/3.0.0/lib/ruby/gems/3.0.0/gems/faker-2.20.0/lib/locales/en/league_of_legends.yml&quot;, &quot;/home/nameless_ghoul/.rbenv/versions/3.0.0/lib/ruby/gems/3.0.0/gems/faker-2.20.0/lib/locales/en/lebowski.yml&quot;, &quot;/home/nameless_ghoul/.rbenv/versions/3.0.0/lib/ruby/gems/3.0.0/gems/faker-2.20.0/lib/locales/en/lorem.yml&quot;, &quot;/home/nameless_ghoul/.rbenv/versions/3.0.0/lib/ruby/gems/3.0.0/gems/faker-2.20.0/lib/locales/en/lovecraft.yml&quot;, &quot;/home/nameless_ghoul/.rbenv/versions/3.0.0/lib/ruby/gems/3.0.0/gems/faker-2.20.0/lib/locales/en/markdown.yml&quot;, &quot;/home/nameless_ghoul/.rbenv/versions/3.0.0/lib/ruby/gems/3.0.0/gems/faker-2.20.0/lib/locales/en/marketing.yml&quot;, &quot;/home/nameless_ghoul/.rbenv/versions/3.0.0/lib/ruby/gems/3.0.0/gems/faker-2.20.0/lib/locales/en/measurement.yml&quot;, &quot;/home/nameless_ghoul/.rbenv/versions/3.0.0/lib/ruby/gems/3.0.0/gems/faker-2.20.0/lib/locales/en/michael_scott.yml&quot;, &quot;/home/nameless_ghoul/.rbenv/versions/3.0.0/lib/ruby/gems/3.0.0/gems/faker-2.20.0/lib/locales/en/military.yml&quot;, &quot;/home/nameless_ghoul/.rbenv/versions/3.0.0/lib/ruby/gems/3.0.0/gems/faker-2.20.0/lib/locales/en/minecraft.yml&quot;, &quot;/home/nameless_ghoul/.rbenv/versions/3.0.0/lib/ruby/gems/3.0.0/gems/faker-2.20.0/lib/locales/en/mountain.yml&quot;, &quot;/home/nameless_ghoul/.rbenv/versions/3.0.0/lib/ruby/gems/3.0.0/gems/faker-2.20.0/lib/locales/en/movie.yml&quot;, &quot;/home/nameless_ghoul/.rbenv/versions/3.0.0/lib/ruby/gems/3.0.0/gems/faker-2.20.0/lib/locales/en/music.yml&quot;, &quot;/home/nameless_ghoul/.rbenv/versions/3.0.0/lib/ruby/gems/3.0.0/gems/faker-2.20.0/lib/locales/en/myst.yml&quot;, &quot;/home/nameless_ghoul/.rbenv/versions/3.0.0/lib/ruby/gems/3.0.0/gems/faker-2.20.0/lib/locales/en/name.yml&quot;, &quot;/home/nameless_ghoul/.rbenv/versions/3.0.0/lib/ruby/gems/3.0.0/gems/faker-2.20.0/lib/locales/en/naruto.yml&quot;, &quot;/home/nameless_ghoul/.rbenv/versions/3.0.0/lib/ruby/gems/3.0.0/gems/faker-2.20.0/lib/locales/en/nation.yml&quot;, &quot;/home/nameless_ghoul/.rbenv/versions/3.0.0/lib/ruby/gems/3.0.0/gems/faker-2.20.0/lib/locales/en/nato_phonetic_alphabet.yml&quot;, &quot;/home/nameless_ghoul/.rbenv/versions/3.0.0/lib/ruby/gems/3.0.0/gems/faker-2.20.0/lib/locales/en/new_girl.yml&quot;, &quot;/home/nameless_ghoul/.rbenv/versions/3.0.0/lib/ruby/gems/3.0.0/gems/faker-2.20.0/lib/locales/en/one_piece.yml&quot;, &quot;/home/nameless_ghoul/.rbenv/versions/3.0.0/lib/ruby/gems/3.0.0/gems/faker-2.20.0/lib/locales/en/opera.yml&quot;, &quot;/home/nameless_ghoul/.rbenv/versions/3.0.0/lib/ruby/gems/3.0.0/gems/faker-2.20.0/lib/locales/en/overwatch.yml&quot;, &quot;/home/nameless_ghoul/.rbenv/versions/3.0.0/lib/ruby/gems/3.0.0/gems/faker-2.20.0/lib/locales/en/parks_and_rec.yml&quot;, &quot;/home/nameless_ghoul/.rbenv/versions/3.0.0/lib/ruby/gems/3.0.0/gems/faker-2.20.0/lib/locales/en/pearl_jam.yml&quot;, &quot;/home/nameless_ghoul/.rbenv/versions/3.0.0/lib/ruby/gems/3.0.0/gems/faker-2.20.0/lib/locales/en/phish.yml&quot;, &quot;/home/nameless_ghoul/.rbenv/versions/3.0.0/lib/ruby/gems/3.0.0/gems/faker-2.20.0/lib/locales/en/phone_number.yml&quot;, &quot;/home/nameless_ghoul/.rbenv/versions/3.0.0/lib/ruby/gems/3.0.0/gems/faker-2.20.0/lib/locales/en/pokemon.yml&quot;, &quot;/home/nameless_ghoul/.rbenv/versions/3.0.0/lib/ruby/gems/3.0.0/gems/faker-2.20.0/lib/locales/en/prince.yml&quot;, &quot;/home/nameless_ghoul/.rbenv/versions/3.0.0/lib/ruby/gems/3.0.0/gems/faker-2.20.0/lib/locales/en/princess_bride.yml&quot;, &quot;/home/nameless_ghoul/.rbenv/versions/3.0.0/lib/ruby/gems/3.0.0/gems/faker-2.20.0/lib/locales/en/programming_language.yml&quot;, &quot;/home/nameless_ghoul/.rbenv/versions/3.0.0/lib/ruby/gems/3.0.0/gems/faker-2.20.0/lib/locales/en/quote.yml&quot;, &quot;/home/nameless_ghoul/.rbenv/versions/3.0.0/lib/ruby/gems/3.0.0/gems/faker-2.20.0/lib/locales/en/rajnikanth.yml&quot;, &quot;/home/nameless_ghoul/.rbenv/versions/3.0.0/lib/ruby/gems/3.0.0/gems/faker-2.20.0/lib/locales/en/relationship.yml&quot;, &quot;/home/nameless_ghoul/.rbenv/versions/3.0.0/lib/ruby/gems/3.0.0/gems/faker-2.20.0/lib/locales/en/restaurant.yml&quot;, &quot;/home/nameless_ghoul/.rbenv/versions/3.0.0/lib/ruby/gems/3.0.0/gems/faker-2.20.0/lib/locales/en/rick_and_morty.yml&quot;, &quot;/home/nameless_ghoul/.rbenv/versions/3.0.0/lib/ruby/gems/3.0.0/gems/faker-2.20.0/lib/locales/en/rock_band.yml&quot;, &quot;/home/nameless_ghoul/.rbenv/versions/3.0.0/lib/ruby/gems/3.0.0/gems/faker-2.20.0/lib/locales/en/room.yml&quot;, &quot;/home/nameless_ghoul/.rbenv/versions/3.0.0/lib/ruby/gems/3.0.0/gems/faker-2.20.0/lib/locales/en/rupaul.yml&quot;, &quot;/home/nameless_ghoul/.rbenv/versions/3.0.0/lib/ruby/gems/3.0.0/gems/faker-2.20.0/lib/locales/en/rush.yml&quot;, &quot;/home/nameless_ghoul/.rbenv/versions/3.0.0/lib/ruby/gems/3.0.0/gems/faker-2.20.0/lib/locales/en/science.yml&quot;, &quot;/home/nameless_ghoul/.rbenv/versions/3.0.0/lib/ruby/gems/3.0.0/gems/faker-2.20.0/lib/locales/en/seinfeld.yml&quot;, &quot;/home/nameless_ghoul/.rbenv/versions/3.0.0/lib/ruby/gems/3.0.0/gems/faker-2.20.0/lib/locales/en/shakespeare.yml&quot;, &quot;/home/nameless_ghoul/.rbenv/versions/3.0.0/lib/ruby/gems/3.0.0/gems/faker-2.20.0/lib/locales/en/show.yml&quot;, &quot;/home/nameless_ghoul/.rbenv/versions/3.0.0/lib/ruby/gems/3.0.0/gems/faker-2.20.0/lib/locales/en/silicon_valley.yml&quot;, &quot;/home/nameless_ghoul/.rbenv/versions/3.0.0/lib/ruby/gems/3.0.0/gems/faker-2.20.0/lib/locales/en/simpsons.yml&quot;, &quot;/home/nameless_ghoul/.rbenv/versions/3.0.0/lib/ruby/gems/3.0.0/gems/faker-2.20.0/lib/locales/en/slack_emoji.yml&quot;, &quot;/home/nameless_ghoul/.rbenv/versions/3.0.0/lib/ruby/gems/3.0.0/gems/faker-2.20.0/lib/locales/en/sonic_the_hedgehog.yml&quot;, &quot;/home/nameless_ghoul/.rbenv/versions/3.0.0/lib/ruby/gems/3.0.0/gems/faker-2.20.0/lib/locales/en/source.yml&quot;, &quot;/home/nameless_ghoul/.rbenv/versions/3.0.0/lib/ruby/gems/3.0.0/gems/faker-2.20.0/lib/locales/en/south_park.yml&quot;, &quot;/home/nameless_ghoul/.rbenv/versions/3.0.0/lib/ruby/gems/3.0.0/gems/faker-2.20.0/lib/locales/en/space.yml&quot;, &quot;/home/nameless_ghoul/.rbenv/versions/3.0.0/lib/ruby/gems/3.0.0/gems/faker-2.20.0/lib/locales/en/star_trek.yml&quot;, &quot;/home/nameless_ghoul/.rbenv/versions/3.0.0/lib/ruby/gems/3.0.0/gems/faker-2.20.0/lib/locales/en/star_wars.yml&quot;, &quot;/home/nameless_ghoul/.rbenv/versions/3.0.0/lib/ruby/gems/3.0.0/gems/faker-2.20.0/lib/locales/en/stargate.yml&quot;, &quot;/home/nameless_ghoul/.rbenv/versions/3.0.0/lib/ruby/gems/3.0.0/gems/faker-2.20.0/lib/locales/en/stranger_thing.yml&quot;, &quot;/home/nameless_ghoul/.rbenv/versions/3.0.0/lib/ruby/gems/3.0.0/gems/faker-2.20.0/lib/locales/en/street_fighter.yml&quot;, &quot;/home/nameless_ghoul/.rbenv/versions/3.0.0/lib/ruby/gems/3.0.0/gems/faker-2.20.0/lib/locales/en/stripe.yml&quot;, &quot;/home/nameless_ghoul/.rbenv/versions/3.0.0/lib/ruby/gems/3.0.0/gems/faker-2.20.0/lib/locales/en/studio_ghibli.yml&quot;, &quot;/home/nameless_ghoul/.rbenv/versions/3.0.0/lib/ruby/gems/3.0.0/gems/faker-2.20.0/lib/locales/en/subscription.yml&quot;, &quot;/home/nameless_ghoul/.rbenv/versions/3.0.0/lib/ruby/gems/3.0.0/gems/faker-2.20.0/lib/locales/en/suits.yml&quot;, &quot;/home/nameless_ghoul/.rbenv/versions/3.0.0/lib/ruby/gems/3.0.0/gems/faker-2.20.0/lib/locales/en/super_mario.yml&quot;, &quot;/home/nameless_ghoul/.rbenv/versions/3.0.0/lib/ruby/gems/3.0.0/gems/faker-2.20.0/lib/locales/en/super_smash_bros.yml&quot;, &quot;/home/nameless_ghoul/.rbenv/versions/3.0.0/lib/ruby/gems/3.0.0/gems/faker-2.20.0/lib/locales/en/superhero.yml&quot;, &quot;/home/nameless_ghoul/.rbenv/versions/3.0.0/lib/ruby/gems/3.0.0/gems/faker-2.20.0/lib/locales/en/supernatural.yml&quot;, &quot;/home/nameless_ghoul/.rbenv/versions/3.0.0/lib/ruby/gems/3.0.0/gems/faker-2.20.0/lib/locales/en/sword_art_online.yml&quot;, &quot;/home/nameless_ghoul/.rbenv/versions/3.0.0/lib/ruby/gems/3.0.0/gems/faker-2.20.0/lib/locales/en/tea.yml&quot;, &quot;/home/nameless_ghoul/.rbenv/versions/3.0.0/lib/ruby/gems/3.0.0/gems/faker-2.20.0/lib/locales/en/team.yml&quot;, &quot;/home/nameless_ghoul/.rbenv/versions/3.0.0/lib/ruby/gems/3.0.0/gems/faker-2.20.0/lib/locales/en/the_expanse.yml&quot;, &quot;/home/nameless_ghoul/.rbenv/versions/3.0.0/lib/ruby/gems/3.0.0/gems/faker-2.20.0/lib/locales/en/the_it_crowd.yml&quot;, &quot;/home/nameless_ghoul/.rbenv/versions/3.0.0/lib/ruby/gems/3.0.0/gems/faker-2.20.0/lib/locales/en/the_kingkiller_chronicle.yml&quot;, &quot;/home/nameless_ghoul/.rbenv/versions/3.0.0/lib/ruby/gems/3.0.0/gems/faker-2.20.0/lib/locales/en/the_office.yml&quot;, &quot;/home/nameless_ghoul/.rbenv/versions/3.0.0/lib/ruby/gems/3.0.0/gems/faker-2.20.0/lib/locales/en/the_thick_of_it.yml&quot;, &quot;/home/nameless_ghoul/.rbenv/versions/3.0.0/lib/ruby/gems/3.0.0/gems/faker-2.20.0/lib/locales/en/tolkien.yml&quot;, &quot;/home/nameless_ghoul/.rbenv/versions/3.0.0/lib/ruby/gems/3.0.0/gems/faker-2.20.0/lib/locales/en/touhou.yml&quot;, &quot;/home/nameless_ghoul/.rbenv/versions/3.0.0/lib/ruby/gems/3.0.0/gems/faker-2.20.0/lib/locales/en/twin_peaks.yml&quot;, &quot;/home/nameless_ghoul/.rbenv/versions/3.0.0/lib/ruby/gems/3.0.0/gems/faker-2.20.0/lib/locales/en/umphreys_mcgee.yml&quot;, &quot;/home/nameless_ghoul/.rbenv/versions/3.0.0/lib/ruby/gems/3.0.0/gems/faker-2.20.0/lib/locales/en/university.yml&quot;, &quot;/home/nameless_ghoul/.rbenv/versions/3.0.0/lib/ruby/gems/3.0.0/gems/faker-2.20.0/lib/locales/en/v_for_vendetta.yml&quot;, &quot;/home/nameless_ghoul/.rbenv/versions/3.0.0/lib/ruby/gems/3.0.0/gems/faker-2.20.0/lib/locales/en/vehicle.yml&quot;, &quot;/home/nameless_ghoul/.rbenv/versions/3.0.0/lib/ruby/gems/3.0.0/gems/faker-2.20.0/lib/locales/en/venture_bros.yml&quot;, &quot;/home/nameless_ghoul/.rbenv/versions/3.0.0/lib/ruby/gems/3.0.0/gems/faker-2.20.0/lib/locales/en/verbs.yml&quot;, &quot;/home/nameless_ghoul/.rbenv/versions/3.0.0/lib/ruby/gems/3.0.0/gems/faker-2.20.0/lib/locales/en/volleyball.yml&quot;, &quot;/home/nameless_ghoul/.rbenv/versions/3.0.0/lib/ruby/gems/3.0.0/gems/faker-2.20.0/lib/locales/en/warhammer_fantasy.yml&quot;, &quot;/home/nameless_ghoul/.rbenv/versions/3.0.0/lib/ruby/gems/3.0.0/gems/faker-2.20.0/lib/locales/en/witcher.yml&quot;, &quot;/home/nameless_ghoul/.rbenv/versions/3.0.0/lib/ruby/gems/3.0.0/gems/faker-2.20.0/lib/locales/en/world_cup.yml&quot;, &quot;/home/nameless_ghoul/.rbenv/versions/3.0.0/lib/ruby/gems/3.0.0/gems/faker-2.20.0/lib/locales/en/world_of_warcraft.yml&quot;, &quot;/home/nameless_ghoul/.rbenv/versions/3.0.0/lib/ruby/gems/3.0.0/gems/faker-2.20.0/lib/locales/en/yoda.yml&quot;, &quot;/home/nameless_ghoul/.rbenv/versions/3.0.0/lib/ruby/gems/3.0.0/gems/faker-2.20.0/lib/locales/en/zelda.yml&quot;, &quot;/home/nameless_ghoul/.rbenv/versions/3.0.0/lib/ruby/gems/3.0.0/gems/faker-2.20.0/lib/locales/en-AU.yml&quot;, &quot;/home/nameless_ghoul/.rbenv/versions/3.0.0/lib/ruby/gems/3.0.0/gems/faker-2.20.0/lib/locales/en-BORK.yml&quot;, &quot;/home/nameless_ghoul/.rbenv/versions/3.0.0/lib/ruby/gems/3.0.0/gems/faker-2.20.0/lib/locales/en-CA.yml&quot;, &quot;/home/nameless_ghoul/.rbenv/versions/3.0.0/lib/ruby/gems/3.0.0/gems/faker-2.20.0/lib/locales/en-GB.yml&quot;, &quot;/home/nameless_ghoul/.rbenv/versions/3.0.0/lib/ruby/gems/3.0.0/gems/faker-2.20.0/lib/locales/en-IND.yml&quot;, &quot;/home/nameless_ghoul/.rbenv/versions/3.0.0/lib/ruby/gems/3.0.0/gems/faker-2.20.0/lib/locales/en-MS.yml&quot;, &quot;/home/nameless_ghoul/.rbenv/versions/3.0.0/lib/ruby/gems/3.0.0/gems/faker-2.20.0/lib/locales/en-NEP.yml&quot;, &quot;/home/nameless_ghoul/.rbenv/versions/3.0.0/lib/ruby/gems/3.0.0/gems/faker-2.20.0/lib/locales/en-NG.yml&quot;, &quot;/home/nameless_ghoul/.rbenv/versions/3.0.0/lib/ruby/gems/3.0.0/gems/faker-2.20.0/lib/locales/en-NZ.yml&quot;, &quot;/home/nameless_ghoul/.rbenv/versions/3.0.0/lib/ruby/gems/3.0.0/gems/faker-2.20.0/lib/locales/en-PAK.yml&quot;, &quot;/home/nameless_ghoul/.rbenv/versions/3.0.0/lib/ruby/gems/3.0.0/gems/faker-2.20.0/lib/locales/en-SG.yml&quot;, &quot;/home/nameless_ghoul/.rbenv/versions/3.0.0/lib/ruby/gems/3.0.0/gems/faker-2.20.0/lib/locales/en-TH.yml&quot;, &quot;/home/nameless_ghoul/.rbenv/versions/3.0.0/lib/ruby/gems/3.0.0/gems/faker-2.20.0/lib/locales/en-UG.yml&quot;, &quot;/home/nameless_ghoul/.rbenv/versions/3.0.0/lib/ruby/gems/3.0.0/gems/faker-2.20.0/lib/locales/en-US.yml&quot;, &quot;/home/nameless_ghoul/.rbenv/versions/3.0.0/lib/ruby/gems/3.0.0/gems/faker-2.20.0/lib/locales/en-ZA.yml&quot;, &quot;/home/nameless_ghoul/.rbenv/versions/3.0.0/lib/ruby/gems/3.0.0/gems/faker-2.20.0/lib/locales/en-au-ocker.yml&quot;, &quot;/home/nameless_ghoul/.rbenv/versions/3.0.0/lib/ruby/gems/3.0.0/gems/faker-2.20.0/lib/locales/en.yml&quot;, &quot;/home/nameless_ghoul/.rbenv/versions/3.0.0/lib/ruby/gems/3.0.0/gems/faker-2.20.0/lib/locales/es-AR.yml&quot;, &quot;/home/nameless_ghoul/.rbenv/versions/3.0.0/lib/ruby/gems/3.0.0/gems/faker-2.20.0/lib/locales/es-MX.yml&quot;, &quot;/home/nameless_ghoul/.rbenv/versions/3.0.0/lib/ruby/gems/3.0.0/gems/faker-2.20.0/lib/locales/es.yml&quot;, &quot;/home/nameless_ghoul/.rbenv/versions/3.0.0/lib/ruby/gems/3.0.0/gems/faker-2.20.0/lib/locales/fa.yml&quot;, &quot;/home/nameless_ghoul/.rbenv/versions/3.0.0/lib/ruby/gems/3.0.0/gems/faker-2.20.0/lib/locales/fi-FI.yml&quot;, &quot;/home/nameless_ghoul/.rbenv/versions/3.0.0/lib/ruby/gems/3.0.0/gems/faker-2.20.0/lib/locales/fr/address.yml&quot;, &quot;/home/nameless_ghoul/.rbenv/versions/3.0.0/lib/ruby/gems/3.0.0/gems/faker-2.20.0/lib/locales/fr/animal.yml&quot;, &quot;/home/nameless_ghoul/.rbenv/versions/3.0.0/lib/ruby/gems/3.0.0/gems/faker-2.20.0/lib/locales/fr/appliance.yml&quot;, &quot;/home/nameless_ghoul/.rbenv/versions/3.0.0/lib/ruby/gems/3.0.0/gems/faker-2.20.0/lib/locales/fr/book.yml&quot;, &quot;/home/nameless_ghoul/.rbenv/versions/3.0.0/lib/ruby/gems/3.0.0/gems/faker-2.20.0/lib/locales/fr/color.yml&quot;, &quot;/home/nameless_ghoul/.rbenv/versions/3.0.0/lib/ruby/gems/3.0.0/gems/faker-2.20.0/lib/locales/fr/company.yml&quot;, &quot;/home/nameless_ghoul/.rbenv/versions/3.0.0/lib/ruby/gems/3.0.0/gems/faker-2.20.0/lib/locales/fr/compass.yml&quot;, &quot;/home/nameless_ghoul/.rbenv/versions/3.0.0/lib/ruby/gems/3.0.0/gems/faker-2.20.0/lib/locales/fr/demographic.yml&quot;, &quot;/home/nameless_ghoul/.rbenv/versions/3.0.0/lib/ruby/gems/3.0.0/gems/faker-2.20.0/lib/locales/fr/gender.yml&quot;, &quot;/home/nameless_ghoul/.rbenv/versions/3.0.0/lib/ruby/gems/3.0.0/gems/faker-2.20.0/lib/locales/fr/internet.yml&quot;, &quot;/home/nameless_ghoul/.rbenv/versions/3.0.0/lib/ruby/gems/3.0.0/gems/faker-2.20.0/lib/locales/fr/lorem.yml&quot;, &quot;/home/nameless_ghoul/.rbenv/versions/3.0.0/lib/ruby/gems/3.0.0/gems/faker-2.20.0/lib/locales/fr/measurement.yml&quot;, &quot;/home/nameless_ghoul/.rbenv/versions/3.0.0/lib/ruby/gems/3.0.0/gems/faker-2.20.0/lib/locales/fr/name.yml&quot;, &quot;/home/nameless_ghoul/.rbenv/versions/3.0.0/lib/ruby/gems/3.0.0/gems/faker-2.20.0/lib/locales/fr/phone_number.yml&quot;, &quot;/home/nameless_ghoul/.rbenv/versions/3.0.0/lib/ruby/gems/3.0.0/gems/faker-2.20.0/lib/locales/fr/pokemon.yml&quot;, &quot;/home/nameless_ghoul/.rbenv/versions/3.0.0/lib/ruby/gems/3.0.0/gems/faker-2.20.0/lib/locales/fr-CA.yml&quot;, &quot;/home/nameless_ghoul/.rbenv/versions/3.0.0/lib/ruby/gems/3.0.0/gems/faker-2.20.0/lib/locales/fr-CH.yml&quot;, &quot;/home/nameless_ghoul/.rbenv/versions/3.0.0/lib/ruby/gems/3.0.0/gems/faker-2.20.0/lib/locales/fr.yml&quot;, &quot;/home/nameless_ghoul/.rbenv/versions/3.0.0/lib/ruby/gems/3.0.0/gems/faker-2.20.0/lib/locales/he.yml&quot;, &quot;/home/nameless_ghoul/.rbenv/versions/3.0.0/lib/ruby/gems/3.0.0/gems/faker-2.20.0/lib/locales/hy.yml&quot;, &quot;/home/nameless_ghoul/.rbenv/versions/3.0.0/lib/ruby/gems/3.0.0/gems/faker-2.20.0/lib/locales/id.yml&quot;, &quot;/home/nameless_ghoul/.rbenv/versions/3.0.0/lib/ruby/gems/3.0.0/gems/faker-2.20.0/lib/locales/it.yml&quot;, &quot;/home/nameless_ghoul/.rbenv/versions/3.0.0/lib/ruby/gems/3.0.0/gems/faker-2.20.0/lib/locales/ja/address.yml&quot;, &quot;/home/nameless_ghoul/.rbenv/versions/3.0.0/lib/ruby/gems/3.0.0/gems/faker-2.20.0/lib/locales/ja/ancient.yml&quot;, &quot;/home/nameless_ghoul/.rbenv/versions/3.0.0/lib/ruby/gems/3.0.0/gems/faker-2.20.0/lib/locales/ja/animal.yml&quot;, &quot;/home/nameless_ghoul/.rbenv/versions/3.0.0/lib/ruby/gems/3.0.0/gems/faker-2.20.0/lib/locales/ja/bank.yml&quot;, &quot;/home/nameless_ghoul/.rbenv/versions/3.0.0/lib/ruby/gems/3.0.0/gems/faker-2.20.0/lib/locales/ja/book.yml&quot;, &quot;/home/nameless_ghoul/.rbenv/versions/3.0.0/lib/ruby/gems/3.0.0/gems/faker-2.20.0/lib/locales/ja/cat.yml&quot;, &quot;/home/nameless_ghoul/.rbenv/versions/3.0.0/lib/ruby/gems/3.0.0/gems/faker-2.20.0/lib/locales/ja/coffee.yml&quot;, &quot;/home/nameless_ghoul/.rbenv/versions/3.0.0/lib/ruby/gems/3.0.0/gems/faker-2.20.0/lib/locales/ja/color.yml&quot;, &quot;/home/nameless_ghoul/.rbenv/versions/3.0.0/lib/ruby/gems/3.0.0/gems/faker-2.20.0/lib/locales/ja/commerce.yml&quot;, &quot;/home/nameless_ghoul/.rbenv/versions/3.0.0/lib/ruby/gems/3.0.0/gems/faker-2.20.0/lib/locales/ja/company.yml&quot;, &quot;/home/nameless_ghoul/.rbenv/versions/3.0.0/lib/ruby/gems/3.0.0/gems/faker-2.20.0/lib/locales/ja/dog.yml&quot;, &quot;/home/nameless_ghoul/.rbenv/versions/3.0.0/lib/ruby/gems/3.0.0/gems/faker-2.20.0/lib/locales/ja/food.yml&quot;, &quot;/home/nameless_ghoul/.rbenv/versions/3.0.0/lib/ruby/gems/3.0.0/gems/faker-2.20.0/lib/locales/ja/gender.yml&quot;, &quot;/home/nameless_ghoul/.rbenv/versions/3.0.0/lib/ruby/gems/3.0.0/gems/faker-2.20.0/lib/locales/ja/lorem.yml&quot;, &quot;/home/nameless_ghoul/.rbenv/versions/3.0.0/lib/ruby/gems/3.0.0/gems/faker-2.20.0/lib/locales/ja/name.yml&quot;, &quot;/home/nameless_ghoul/.rbenv/versions/3.0.0/lib/ruby/gems/3.0.0/gems/faker-2.20.0/lib/locales/ja/overwatch.yml&quot;, &quot;/home/nameless_ghoul/.rbenv/versions/3.0.0/lib/ruby/gems/3.0.0/gems/faker-2.20.0/lib/locales/ja/phone_number.yml&quot;, &quot;/home/nameless_ghoul/.rbenv/versions/3.0.0/lib/ruby/gems/3.0.0/gems/faker-2.20.0/lib/locales/ja/pokemon.yml&quot;, &quot;/home/nameless_ghoul/.rbenv/versions/3.0.0/lib/ruby/gems/3.0.0/gems/faker-2.20.0/lib/locales/ja/restaurant.yml&quot;, &quot;/home/nameless_ghoul/.rbenv/versions/3.0.0/lib/ruby/gems/3.0.0/gems/faker-2.20.0/lib/locales/ja/space.yml&quot;, &quot;/home/nameless_ghoul/.rbenv/versions/3.0.0/lib/ruby/gems/3.0.0/gems/faker-2.20.0/lib/locales/ja/studio_ghibli.yml&quot;, &quot;/home/nameless_ghoul/.rbenv/versions/3.0.0/lib/ruby/gems/3.0.0/gems/faker-2.20.0/lib/locales/ja/subscription.yml&quot;, &quot;/home/nameless_ghoul/.rbenv/versions/3.0.0/lib/ruby/gems/3.0.0/gems/faker-2.20.0/lib/locales/ja/super_mario.yml&quot;, &quot;/home/nameless_ghoul/.rbenv/versions/3.0.0/lib/ruby/gems/3.0.0/gems/faker-2.20.0/lib/locales/ja/super_smash_bros.yml&quot;, &quot;/home/nameless_ghoul/.rbenv/versions/3.0.0/lib/ruby/gems/3.0.0/gems/faker-2.20.0/lib/locales/ja/university.yml&quot;, &quot;/home/nameless_ghoul/.rbenv/versions/3.0.0/lib/ruby/gems/3.0.0/gems/faker-2.20.0/lib/locales/ja/zelda.yml&quot;, &quot;/home/nameless_ghoul/.rbenv/versions/3.0.0/lib/ruby/gems/3.0.0/gems/faker-2.20.0/lib/locales/ko.yml&quot;, &quot;/home/nameless_ghoul/.rbenv/versions/3.0.0/lib/ruby/gems/3.0.0/gems/faker-2.20.0/lib/locales/lt.yml&quot;, &quot;/home/nameless_ghoul/.rbenv/versions/3.0.0/lib/ruby/gems/3.0.0/gems/faker-2.20.0/lib/locales/lv.yml&quot;, &quot;/home/nameless_ghoul/.rbenv/versions/3.0.0/lib/ruby/gems/3.0.0/gems/faker-2.20.0/lib/locales/mi-NZ.yml&quot;, &quot;/home/nameless_ghoul/.rbenv/versions/3.0.0/lib/ruby/gems/3.0.0/gems/faker-2.20.0/lib/locales/nb-NO.yml&quot;, &quot;/home/nameless_ghoul/.rbenv/versions/3.0.0/lib/ruby/gems/3.0.0/gems/faker-2.20.0/lib/locales/nl.yml&quot;, &quot;/home/nameless_ghoul/.rbenv/versions/3.0.0/lib/ruby/gems/3.0.0/gems/faker-2.20.0/lib/locales/no.yml&quot;, &quot;/home/nameless_ghoul/.rbenv/versions/3.0.0/lib/ruby/gems/3.0.0/gems/faker-2.20.0/lib/locales/pl.yml&quot;, &quot;/home/nameless_ghoul/.rbenv/versions/3.0.0/lib/ruby/gems/3.0.0/gems/faker-2.20.0/lib/locales/pt-BR.yml&quot;, &quot;/home/nameless_ghoul/.rbenv/versions/3.0.0/lib/ruby/gems/3.0.0/gems/faker-2.20.0/lib/locales/pt.yml&quot;, &quot;/home/nameless_ghoul/.rbenv/versions/3.0.0/lib/ruby/gems/3.0.0/gems/faker-2.20.0/lib/locales/ru.yml&quot;, &quot;/home/nameless_ghoul/.rbenv/versions/3.0.0/lib/ruby/gems/3.0.0/gems/faker-2.20.0/lib/locales/sk.yml&quot;, &quot;/home/nameless_ghoul/.rbenv/versions/3.0.0/lib/ruby/gems/3.0.0/gems/faker-2.20.0/lib/locales/sv.yml&quot;, &quot;/home/nameless_ghoul/.rbenv/versions/3.0.0/lib/ruby/gems/3.0.0/gems/faker-2.20.0/lib/locales/th.yml&quot;, &quot;/home/nameless_ghoul/.rbenv/versions/3.0.0/lib/ruby/gems/3.0.0/gems/faker-2.20.0/lib/locales/tr.yml&quot;, &quot;/home/nameless_ghoul/.rbenv/versions/3.0.0/lib/ruby/gems/3.0.0/gems/faker-2.20.0/lib/locales/uk.yml&quot;, &quot;/home/nameless_ghoul/.rbenv/versions/3.0.0/lib/ruby/gems/3.0.0/gems/faker-2.20.0/lib/locales/vi.yml&quot;, &quot;/home/nameless_ghoul/.rbenv/versions/3.0.0/lib/ruby/gems/3.0.0/gems/faker-2.20.0/lib/locales/zh-CN.yml&quot;, &quot;/home/nameless_ghoul/.rbenv/versions/3.0.0/lib/ruby/gems/3.0.0/gems/faker-2.20.0/lib/locales/zh-TW.yml&quot;, &quot;/home/nameless_ghoul/.rbenv/versions/3.0.0/lib/ruby/gems/3.0.0/gems/will_paginate-3.3.1/lib/will_paginate/locale/en.yml&quot;, &quot;/home/nameless_ghoul/.rbenv/versions/3.0.0/lib/ruby/gems/3.0.0/gems/active_storage_validations-0.9.7/config/locales/de.yml&quot;, &quot;/home/nameless_ghoul/.rbenv/versions/3.0.0/lib/ruby/gems/3.0.0/gems/active_storage_validations-0.9.7/config/locales/en.yml&quot;, &quot;/home/nameless_ghoul/.rbenv/versions/3.0.0/lib/ruby/gems/3.0.0/gems/active_storage_validations-0.9.7/config/locales/es.yml&quot;, &quot;/home/nameless_ghoul/.rbenv/versions/3.0.0/lib/ruby/gems/3.0.0/gems/active_storage_validations-0.9.7/config/locales/fr.yml&quot;, &quot;/home/nameless_ghoul/.rbenv/versions/3.0.0/lib/ruby/gems/3.0.0/gems/active_storage_validations-0.9.7/config/locales/it.yml&quot;, &quot;/home/nameless_ghoul/.rbenv/versions/3.0.0/lib/ruby/gems/3.0.0/gems/active_storage_validations-0.9.7/config/locales/ja.yml&quot;, &quot;/home/nameless_ghoul/.rbenv/versions/3.0.0/lib/ruby/gems/3.0.0/gems/active_storage_validations-0.9.7/config/locales/nl.yml&quot;, &quot;/home/nameless_ghoul/.rbenv/versions/3.0.0/lib/ruby/gems/3.0.0/gems/active_storage_validations-0.9.7/config/locales/pl.yml&quot;, &quot;/home/nameless_ghoul/.rbenv/versions/3.0.0/lib/ruby/gems/3.0.0/gems/active_storage_validations-0.9.7/config/locales/pt-BR.yml&quot;, &quot;/home/nameless_ghoul/.rbenv/versions/3.0.0/lib/ruby/gems/3.0.0/gems/active_storage_validations-0.9.7/config/locales/ru.yml&quot;, &quot;/home/nameless_ghoul/.rbenv/versions/3.0.0/lib/ruby/gems/3.0.0/gems/active_storage_validations-0.9.7/config/locales/tr.yml&quot;, &quot;/home/nameless_ghoul/.rbenv/versions/3.0.0/lib/ruby/gems/3.0.0/gems/active_storage_validations-0.9.7/config/locales/uk.yml&quot;, &quot;/home/nameless_ghoul/.rbenv/versions/3.0.0/lib/ruby/gems/3.0.0/gems/active_storage_validations-0.9.7/config/locales/vi.yml&quot;, &quot;/home/nameless_ghoul/Documents/Work/LoudCloudPH/Learning/Learn Enough Projects/sample_app/config/locales/en.yml&quot;], @glob=&quot;{/home/nameless_ghoul/.rbenv/versions/3.0.0/lib/ruby/gems/3.0.0/gems/actionview-6.1.5/config/locales/**/*.{rb,yml},/home/nameless_ghoul/.rbenv/versions/3.0.0/lib/ruby/gems/3.0.0/gems/activestorage-6.1.5/config/locales/**/*.{rb,yml},/home/nameless_ghoul/.rbenv/versions/3.0.0/lib/ruby/gems/3.0.0/gems/actioncable-6.1.5/config/locales/**/*.{rb,yml},/home/nameless_ghoul/.rbenv/versions/3.0.0/lib/ruby/gems/3.0.0/gems/actionmailbox-6.1.5/config/locales/**/*.{rb,yml},/home/nameless_ghoul/.rbenv/versions/3.0.0/lib/ruby/gems/3.0.0/gems/actiontext-6.1.5/config/locales/**/*.{rb,yml},/home/nameless_ghoul/.rbenv/versions/3.0.0/lib/ruby/gems/3.0.0/gems/webpacker-5.4.3/config/locales/**/*.{rb,yml},/home/nameless_ghoul/.rbenv/versions/3.0.0/lib/ruby/gems/3.0.0/gems/turbolinks-5.2.1/config/locales/**/*.{rb,yml},/home/nameless_ghoul/.rbenv/versions/3.0.0/lib/ruby/gems/3.0.0/gems/active_storage_validations-0.9.7/config/locales/**/*.{rb,yml},/home/nameless_ghoul/.rbenv/versions/3.0.0/lib/ruby/gems/3.0.0/gems/bootstrap-will_paginate-1.0.0/config/locales/**/*.{rb,yml},/home/nameless_ghoul/.rbenv/versions/3.0.0/lib/ruby/gems/3.0.0/gems/bootstrap-sass-3.4.1/config/locales/**/*.{rb,yml},/home/nameless_ghoul/Documents/Work/LoudCloudPH/Learning/Learn Enough Projects/sample_app/config/locales/**/*.{rb,yml}}&quot;, @block=#&lt;Proc:0x0000558f2c32b430 /home/nameless_ghoul/.rbenv/versions/3.0.0/lib/ruby/gems/3.0.0/gems/activesupport-6.1.5/lib/active_support/i18n_railtie.rb:64&gt;, @watched=nil, @updated_at=nil, @last_watched=[&quot;/home/nameless_ghoul/.rbenv/versions/3.0.0/lib/ruby/gems/3.0.0/gems/activesupport-6.1.5/lib/active_support/locale/en.yml&quot;, &quot;/home/nameless_ghoul/.rbenv/versions/3.0.0/lib/ruby/gems/3.0.0/gems/activesupport-6.1.5/lib/active_support/locale/en.rb&quot;, &quot;/home/nameless_ghoul/.rbenv/versions/3.0.0/lib/ruby/gems/3.0.0/gems/activemodel-6.1.5/lib/active_model/locale/en.yml&quot;, &quot;/home/nameless_ghoul/.rbenv/versions/3.0.0/lib/ruby/gems/3.0.0/gems/activerecord-6.1.5/lib/active_record/locale/en.yml&quot;, &quot;/home/nameless_ghoul/.rbenv/versions/3.0.0/lib/ruby/gems/3.0.0/gems/actionview-6.1.5/lib/action_view/locale/en.yml&quot;, &quot;/home/nameless_ghoul/.rbenv/versions/3.0.0/lib/ruby/gems/3.0.0/gems/faker-2.20.0/lib/locales/ar.yml&quot;, &quot;/home/nameless_ghoul/.rbenv/versions/3.0.0/lib/ruby/gems/3.0.0/gems/faker-2.20.0/lib/locales/bg.yml&quot;, &quot;/home/nameless_ghoul/.rbenv/versions/3.0.0/lib/ruby/gems/3.0.0/gems/faker-2.20.0/lib/locales/ca-CAT.yml&quot;, &quot;/home/nameless_ghoul/.rbenv/versions/3.0.0/lib/ruby/gems/3.0.0/gems/faker-2.20.0/lib/locales/ca.yml&quot;, &quot;/home/nameless_ghoul/.rbenv/versions/3.0.0/lib/ruby/gems/3.0.0/gems/faker-2.20.0/lib/locales/da-DK.yml&quot;, &quot;/home/nameless_ghoul/.rbenv/versions/3.0.0/lib/ruby/gems/3.0.0/gems/faker-2.20.0/lib/locales/de-AT.yml&quot;, &quot;/home/nameless_ghoul/.rbenv/versions/3.0.0/lib/ruby/gems/3.0.0/gems/faker-2.20.0/lib/locales/de-CH.yml&quot;, &quot;/home/nameless_ghoul/.rbenv/versions/3.0.0/lib/ruby/gems/3.0.0/gems/faker-2.20.0/lib/locales/de.yml&quot;, &quot;/home/nameless_ghoul/.rbenv/versions/3.0.0/lib/ruby/gems/3.0.0/gems/faker-2.20.0/lib/locales/ee.yml&quot;, &quot;/home/nameless_ghoul/.rbenv/versions/3.0.0/lib/ruby/gems/3.0.0/gems/faker-2.20.0/lib/locales/en/address.yml&quot;, &quot;/home/nameless_ghoul/.rbenv/versions/3.0.0/lib/ruby/gems/3.0.0/gems/faker-2.20.0/lib/locales/en/adjective.yml&quot;, &quot;/home/nameless_ghoul/.rbenv/versions/3.0.0/lib/ruby/gems/3.0.0/gems/faker-2.20.0/lib/locales/en/ancient.yml&quot;, &quot;/home/nameless_ghoul/.rbenv/versions/3.0.0/lib/ruby/gems/3.0.0/gems/faker-2.20.0/lib/locales/en/animal.yml&quot;, &quot;/home/nameless_ghoul/.rbenv/versions/3.0.0/lib/ruby/gems/3.0.0/gems/faker-2.20.0/lib/locales/en/app.yml&quot;, &quot;/home/nameless_ghoul/.rbenv/versions/3.0.0/lib/ruby/gems/3.0.0/gems/faker-2.20.0/lib/locales/en/appliance.yml&quot;, &quot;/home/nameless_ghoul/.rbenv/versions/3.0.0/lib/ruby/gems/3.0.0/gems/faker-2.20.0/lib/locales/en/aqua_teen_hunger_force.yml&quot;, &quot;/home/nameless_ghoul/.rbenv/versions/3.0.0/lib/ruby/gems/3.0.0/gems/faker-2.20.0/lib/locales/en/artist.yml&quot;, &quot;/home/nameless_ghoul/.rbenv/versions/3.0.0/lib/ruby/gems/3.0.0/gems/faker-2.20.0/lib/locales/en/australia.yml&quot;, &quot;/home/nameless_ghoul/.rbenv/versions/3.0.0/lib/ruby/gems/3.0.0/gems/faker-2.20.0/lib/locales/en/back_to_the_future.yml&quot;, &quot;/home/nameless_ghoul/.rbenv/versions/3.0.0/lib/ruby/gems/3.0.0/gems/faker-2.20.0/lib/locales/en/bank.yml&quot;, &quot;/home/nameless_ghoul/.rbenv/versions/3.0.0/lib/ruby/gems/3.0.0/gems/faker-2.20.0/lib/locales/en/barcode.yml&quot;, &quot;/home/nameless_ghoul/.rbenv/versions/3.0.0/lib/ruby/gems/3.0.0/gems/faker-2.20.0/lib/locales/en/basketball.yml&quot;, &quot;/home/nameless_ghoul/.rbenv/versions/3.0.0/lib/ruby/gems/3.0.0/gems/faker-2.20.0/lib/locales/en/beer.yml&quot;, &quot;/home/nameless_ghoul/.rbenv/versions/3.0.0/lib/ruby/gems/3.0.0/gems/faker-2.20.0/lib/locales/en/bible.yml&quot;, &quot;/home/nameless_ghoul/.rbenv/versions/3.0.0/lib/ruby/gems/3.0.0/gems/faker-2.20.0/lib/locales/en/big_bang_theory.yml&quot;, &quot;/home/nameless_ghoul/.rbenv/versions/3.0.0/lib/ruby/gems/3.0.0/gems/faker-2.20.0/lib/locales/en/bird.yml&quot;, &quot;/home/nameless_ghoul/.rbenv/versions/3.0.0/lib/ruby/gems/3.0.0/gems/faker-2.20.0/lib/locales/en/blood.yml&quot;, &quot;/home/nameless_ghoul/.rbenv/versions/3.0.0/lib/ruby/gems/3.0.0/gems/faker-2.20.0/lib/locales/en/bojack_horseman.yml&quot;, &quot;/home/nameless_ghoul/.rbenv/versions/3.0.0/lib/ruby/gems/3.0.0/gems/faker-2.20.0/lib/locales/en/book.yml&quot;, &quot;/home/nameless_ghoul/.rbenv/versions/3.0.0/lib/ruby/gems/3.0.0/gems/faker-2.20.0/lib/locales/en/bossa_nova.yml&quot;, &quot;/home/nameless_ghoul/.rbenv/versions/3.0.0/lib/ruby/gems/3.0.0/gems/faker-2.20.0/lib/locales/en/breaking_bad.yml&quot;, &quot;/home/nameless_ghoul/.rbenv/versions/3.0.0/lib/ruby/gems/3.0.0/gems/faker-2.20.0/lib/locales/en/brooklyn_nine_nine.yml&quot;, &quot;/home/nameless_ghoul/.rbenv/versions/3.0.0/lib/ruby/gems/3.0.0/gems/faker-2.20.0/lib/locales/en/buffy.yml&quot;, &quot;/home/nameless_ghoul/.rbenv/versions/3.0.0/lib/ruby/gems/3.0.0/gems/faker-2.20.0/lib/locales/en/business.yml&quot;, &quot;/home/nameless_ghoul/.rbenv/versions/3.0.0/lib/ruby/gems/3.0.0/gems/faker-2.20.0/lib/locales/en/camera.yml&quot;, &quot;/home/nameless_ghoul/.rbenv/versions/3.0.0/lib/ruby/gems/3.0.0/gems/faker-2.20.0/lib/locales/en/cannabis.yml&quot;, &quot;/home/nameless_ghoul/.rbenv/versions/3.0.0/lib/ruby/gems/3.0.0/gems/faker-2.20.0/lib/locales/en/cat.yml&quot;, &quot;/home/nameless_ghoul/.rbenv/versions/3.0.0/lib/ruby/gems/3.0.0/gems/faker-2.20.0/lib/locales/en/chiquito.yml&quot;, &quot;/home/nameless_ghoul/.rbenv/versions/3.0.0/lib/ruby/gems/3.0.0/gems/faker-2.20.0/lib/locales/en/chuck_norris.yml&quot;, &quot;/home/nameless_ghoul/.rbenv/versions/3.0.0/lib/ruby/gems/3.0.0/gems/faker-2.20.0/lib/locales/en/clash_of_clan.yml&quot;, &quot;/home/nameless_ghoul/.rbenv/versions/3.0.0/lib/ruby/gems/3.0.0/gems/faker-2.20.0/lib/locales/en/code.yml&quot;, &quot;/home/nameless_ghoul/.rbenv/versions/3.0.0/lib/ruby/gems/3.0.0/gems/faker-2.20.0/lib/locales/en/coffee.yml&quot;, &quot;/home/nameless_ghoul/.rbenv/versions/3.0.0/lib/ruby/gems/3.0.0/gems/faker-2.20.0/lib/locales/en/coin.yml&quot;, &quot;/home/nameless_ghoul/.rbenv/versions/3.0.0/lib/ruby/gems/3.0.0/gems/faker-2.20.0/lib/locales/en/color.yml&quot;, &quot;/home/nameless_ghoul/.rbenv/versions/3.0.0/lib/ruby/gems/3.0.0/gems/faker-2.20.0/lib/locales/en/commerce.yml&quot;, &quot;/home/nameless_ghoul/.rbenv/versions/3.0.0/lib/ruby/gems/3.0.0/gems/faker-2.20.0/lib/locales/en/community.yml&quot;, &quot;/home/nameless_ghoul/.rbenv/versions/3.0.0/lib/ruby/gems/3.0.0/gems/faker-2.20.0/lib/locales/en/company.yml&quot;, &quot;/home/nameless_ghoul/.rbenv/versions/3.0.0/lib/ruby/gems/3.0.0/gems/faker-2.20.0/lib/locales/en/compass.yml&quot;, &quot;/home/nameless_ghoul/.rbenv/versions/3.0.0/lib/ruby/gems/3.0.0/gems/faker-2.20.0/lib/locales/en/computer.yml&quot;, &quot;/home/nameless_ghoul/.rbenv/versions/3.0.0/lib/ruby/gems/3.0.0/gems/faker-2.20.0/lib/locales/en/conan.yml&quot;, &quot;/home/nameless_ghoul/.rbenv/versions/3.0.0/lib/ruby/gems/3.0.0/gems/faker-2.20.0/lib/locales/en/construction.yml&quot;, &quot;/home/nameless_ghoul/.rbenv/versions/3.0.0/lib/ruby/gems/3.0.0/gems/faker-2.20.0/lib/locales/en/control.yml&quot;, &quot;/home/nameless_ghoul/.rbenv/versions/3.0.0/lib/ruby/gems/3.0.0/gems/faker-2.20.0/lib/locales/en/cosmere.yml&quot;, &quot;/home/nameless_ghoul/.rbenv/versions/3.0.0/lib/ruby/gems/3.0.0/gems/faker-2.20.0/lib/locales/en/crypto_coin.yml&quot;, &quot;/home/nameless_ghoul/.rbenv/versions/3.0.0/lib/ruby/gems/3.0.0/gems/faker-2.20.0/lib/locales/en/culture_series.yml&quot;, &quot;/home/nameless_ghoul/.rbenv/versions/3.0.0/lib/ruby/gems/3.0.0/gems/faker-2.20.0/lib/locales/en/currency.yml&quot;, &quot;/home/nameless_ghoul/.rbenv/versions/3.0.0/lib/ruby/gems/3.0.0/gems/faker-2.20.0/lib/locales/en/dc_comics.yml&quot;, &quot;/home/nameless_ghoul/.rbenv/versions/3.0.0/lib/ruby/gems/3.0.0/gems/faker-2.20.0/lib/locales/en/demographic.yml&quot;, &quot;/home/nameless_ghoul/.rbenv/versions/3.0.0/lib/ruby/gems/3.0.0/gems/faker-2.20.0/lib/locales/en/departed.yml&quot;, &quot;/home/nameless_ghoul/.rbenv/versions/3.0.0/lib/ruby/gems/3.0.0/gems/faker-2.20.0/lib/locales/en/dessert.yml&quot;, &quot;/home/nameless_ghoul/.rbenv/versions/3.0.0/lib/ruby/gems/3.0.0/gems/faker-2.20.0/lib/locales/en/device.yml&quot;, &quot;/home/nameless_ghoul/.rbenv/versions/3.0.0/lib/ruby/gems/3.0.0/gems/faker-2.20.0/lib/locales/en/dnd.yml&quot;, &quot;/home/nameless_ghoul/.rbenv/versions/3.0.0/lib/ruby/gems/3.0.0/gems/faker-2.20.0/lib/locales/en/dog.yml&quot;, &quot;/home/nameless_ghoul/.rbenv/versions/3.0.0/lib/ruby/gems/3.0.0/gems/faker-2.20.0/lib/locales/en/doraemon.yml&quot;, &quot;/home/nameless_ghoul/.rbenv/versions/3.0.0/lib/ruby/gems/3.0.0/gems/faker-2.20.0/lib/locales/en/dota.yml&quot;, &quot;/home/nameless_ghoul/.rbenv/versions/3.0.0/lib/ruby/gems/3.0.0/gems/faker-2.20.0/lib/locales/en/dr_who.yml&quot;, &quot;/home/nameless_ghoul/.rbenv/versions/3.0.0/lib/ruby/gems/3.0.0/gems/faker-2.20.0/lib/locales/en/dragon_ball.yml&quot;, &quot;/home/nameless_ghoul/.rbenv/versions/3.0.0/lib/ruby/gems/3.0.0/gems/faker-2.20.0/lib/locales/en/driving_license.yml&quot;, &quot;/home/nameless_ghoul/.rbenv/versions/3.0.0/lib/ruby/gems/3.0.0/gems/faker-2.20.0/lib/locales/en/drone.yml&quot;, &quot;/home/nameless_ghoul/.rbenv/versions/3.0.0/lib/ruby/gems/3.0.0/gems/faker-2.20.0/lib/locales/en/dumb_and_dumber.yml&quot;, &quot;/home/nameless_ghoul/.rbenv/versions/3.0.0/lib/ruby/gems/3.0.0/gems/faker-2.20.0/lib/locales/en/dune.yml&quot;, &quot;/home/nameless_ghoul/.rbenv/versions/3.0.0/lib/ruby/gems/3.0.0/gems/faker-2.20.0/lib/locales/en/educator.yml&quot;, &quot;/home/nameless_ghoul/.rbenv/versions/3.0.0/lib/ruby/gems/3.0.0/gems/faker-2.20.0/lib/locales/en/elder_scrolls.yml&quot;, &quot;/home/nameless_ghoul/.rbenv/versions/3.0.0/lib/ruby/gems/3.0.0/gems/faker-2.20.0/lib/locales/en/electrical_components.yml&quot;, &quot;/home/nameless_ghoul/.rbenv/versions/3.0.0/lib/ruby/gems/3.0.0/gems/faker-2.20.0/lib/locales/en/emotion.yml&quot;, &quot;/home/nameless_ghoul/.rbenv/versions/3.0.0/lib/ruby/gems/3.0.0/gems/faker-2.20.0/lib/locales/en/esport.yml&quot;, &quot;/home/nameless_ghoul/.rbenv/versions/3.0.0/lib/ruby/gems/3.0.0/gems/faker-2.20.0/lib/locales/en/fallout.yml&quot;, &quot;/home/nameless_ghoul/.rbenv/versions/3.0.0/lib/ruby/gems/3.0.0/gems/faker-2.20.0/lib/locales/en/family_guy.yml&quot;, &quot;/home/nameless_ghoul/.rbenv/versions/3.0.0/lib/ruby/gems/3.0.0/gems/faker-2.20.0/lib/locales/en/file.yml&quot;, &quot;/home/nameless_ghoul/.rbenv/versions/3.0.0/lib/ruby/gems/3.0.0/gems/faker-2.20.0/lib/locales/en/final_space.yml&quot;, &quot;/home/nameless_ghoul/.rbenv/versions/3.0.0/lib/ruby/gems/3.0.0/gems/faker-2.20.0/lib/locales/en/finance.yml&quot;, &quot;/home/nameless_ghoul/.rbenv/versions/3.0.0/lib/ruby/gems/3.0.0/gems/faker-2.20.0/lib/locales/en/fma_brotherhood.yml&quot;, &quot;/home/nameless_ghoul/.rbenv/versions/3.0.0/lib/ruby/gems/3.0.0/gems/faker-2.20.0/lib/locales/en/food.yml&quot;, &quot;/home/nameless_ghoul/.rbenv/versions/3.0.0/lib/ruby/gems/3.0.0/gems/faker-2.20.0/lib/locales/en/football.yml&quot;, &quot;/home/nameless_ghoul/.rbenv/versions/3.0.0/lib/ruby/gems/3.0.0/gems/faker-2.20.0/lib/locales/en/fresh_prince_of_bel_air.yml&quot;, &quot;/home/nameless_ghoul/.rbenv/versions/3.0.0/lib/ruby/gems/3.0.0/gems/faker-2.20.0/lib/locales/en/friends.yml&quot;, &quot;/home/nameless_ghoul/.rbenv/versions/3.0.0/lib/ruby/gems/3.0.0/gems/faker-2.20.0/lib/locales/en/funny_name.yml&quot;, &quot;/home/nameless_ghoul/.rbenv/versions/3.0.0/lib/ruby/gems/3.0.0/gems/faker-2.20.0/lib/locales/en/futurama.yml&quot;, &quot;/home/nameless_ghoul/.rbenv/versions/3.0.0/lib/ruby/gems/3.0.0/gems/faker-2.20.0/lib/locales/en/game.yml&quot;, &quot;/home/nameless_ghoul/.rbenv/versions/3.0.0/lib/ruby/gems/3.0.0/gems/faker-2.20.0/lib/locales/en/game_of_thrones.yml&quot;, &quot;/home/nameless_ghoul/.rbenv/versions/3.0.0/lib/ruby/gems/3.0.0/gems/faker-2.20.0/lib/locales/en/gender.yml&quot;, &quot;/home/nameless_ghoul/.rbenv/versions/3.0.0/lib/ruby/gems/3.0.0/gems/faker-2.20.0/lib/locales/en/ghostbusters.yml&quot;, &quot;/home/nameless_ghoul/.rbenv/versions/3.0.0/lib/ruby/gems/3.0.0/gems/faker-2.20.0/lib/locales/en/grateful_dead.yml&quot;, &quot;/home/nameless_ghoul/.rbenv/versions/3.0.0/lib/ruby/gems/3.0.0/gems/faker-2.20.0/lib/locales/en/greek_philosophers.yml&quot;, &quot;/home/nameless_ghoul/.rbenv/versions/3.0.0/lib/ruby/gems/3.0.0/gems/faker-2.20.0/lib/locales/en/hacker.yml&quot;, &quot;/home/nameless_ghoul/.rbenv/versions/3.0.0/lib/ruby/gems/3.0.0/gems/faker-2.20.0/lib/locales/en/half_life.yml&quot;, &quot;/home/nameless_ghoul/.rbenv/versions/3.0.0/lib/ruby/gems/3.0.0/gems/faker-2.20.0/lib/locales/en/harry_potter.yml&quot;, &quot;/home/nameless_ghoul/.rbenv/versions/3.0.0/lib/ruby/gems/3.0.0/gems/faker-2.20.0/lib/locales/en/heroes.yml&quot;, &quot;/home/nameless_ghoul/.rbenv/versions/3.0.0/lib/ruby/gems/3.0.0/gems/faker-2.20.0/lib/locales/en/heroes_of_the_storm.yml&quot;, &quot;/home/nameless_ghoul/.rbenv/versions/3.0.0/lib/ruby/gems/3.0.0/gems/faker-2.20.0/lib/locales/en/hey_arnold.yml&quot;, &quot;/home/nameless_ghoul/.rbenv/versions/3.0.0/lib/ruby/gems/3.0.0/gems/faker-2.20.0/lib/locales/en/hipster.yml&quot;, &quot;/home/nameless_ghoul/.rbenv/versions/3.0.0/lib/ruby/gems/3.0.0/gems/faker-2.20.0/lib/locales/en/hitchhikers_guide_to_the_galaxy.yml&quot;, &quot;/home/nameless_ghoul/.rbenv/versions/3.0.0/lib/ruby/gems/3.0.0/gems/faker-2.20.0/lib/locales/en/hobby.yml&quot;, &quot;/home/nameless_ghoul/.rbenv/versions/3.0.0/lib/ruby/gems/3.0.0/gems/faker-2.20.0/lib/locales/en/horse.yml&quot;, &quot;/home/nameless_ghoul/.rbenv/versions/3.0.0/lib/ruby/gems/3.0.0/gems/faker-2.20.0/lib/locales/en/house.yml&quot;, &quot;/home/nameless_ghoul/.rbenv/versions/3.0.0/lib/ruby/gems/3.0.0/gems/faker-2.20.0/lib/locales/en/how_i_met_your_mother.yml&quot;, &quot;/home/nameless_ghoul/.rbenv/versions/3.0.0/lib/ruby/gems/3.0.0/gems/faker-2.20.0/lib/locales/en/how_to_train_your_dragon.yml&quot;, &quot;/home/nameless_ghoul/.rbenv/versions/3.0.0/lib/ruby/gems/3.0.0/gems/faker-2.20.0/lib/locales/en/id_number.yml&quot;, &quot;/home/nameless_ghoul/.rbenv/versions/3.0.0/lib/ruby/gems/3.0.0/gems/faker-2.20.0/lib/locales/en/industry_segments.yml&quot;, &quot;/home/nameless_ghoul/.rbenv/versions/3.0.0/lib/ruby/gems/3.0.0/gems/faker-2.20.0/lib/locales/en/internet.yml&quot;, &quot;/home/nameless_ghoul/.rbenv/versions/3.0.0/lib/ruby/gems/3.0.0/gems/faker-2.20.0/lib/locales/en/invoice.yml&quot;, &quot;/home/nameless_ghoul/.rbenv/versions/3.0.0/lib/ruby/gems/3.0.0/gems/faker-2.20.0/lib/locales/en/jack_handey.yml&quot;, &quot;/home/nameless_ghoul/.rbenv/versions/3.0.0/lib/ruby/gems/3.0.0/gems/faker-2.20.0/lib/locales/en/job.yml&quot;, &quot;/home/nameless_ghoul/.rbenv/versions/3.0.0/lib/ruby/gems/3.0.0/gems/faker-2.20.0/lib/locales/en/kamen_rider.yml&quot;, &quot;/home/nameless_ghoul/.rbenv/versions/3.0.0/lib/ruby/gems/3.0.0/gems/faker-2.20.0/lib/locales/en/kpop.yml&quot;, &quot;/home/nameless_ghoul/.rbenv/versions/3.0.0/lib/ruby/gems/3.0.0/gems/faker-2.20.0/lib/locales/en/league_of_legends.yml&quot;, &quot;/home/nameless_ghoul/.rbenv/versions/3.0.0/lib/ruby/gems/3.0.0/gems/faker-2.20.0/lib/locales/en/lebowski.yml&quot;, &quot;/home/nameless_ghoul/.rbenv/versions/3.0.0/lib/ruby/gems/3.0.0/gems/faker-2.20.0/lib/locales/en/lorem.yml&quot;, &quot;/home/nameless_ghoul/.rbenv/versions/3.0.0/lib/ruby/gems/3.0.0/gems/faker-2.20.0/lib/locales/en/lovecraft.yml&quot;, &quot;/home/nameless_ghoul/.rbenv/versions/3.0.0/lib/ruby/gems/3.0.0/gems/faker-2.20.0/lib/locales/en/markdown.yml&quot;, &quot;/home/nameless_ghoul/.rbenv/versions/3.0.0/lib/ruby/gems/3.0.0/gems/faker-2.20.0/lib/locales/en/marketing.yml&quot;, &quot;/home/nameless_ghoul/.rbenv/versions/3.0.0/lib/ruby/gems/3.0.0/gems/faker-2.20.0/lib/locales/en/measurement.yml&quot;, &quot;/home/nameless_ghoul/.rbenv/versions/3.0.0/lib/ruby/gems/3.0.0/gems/faker-2.20.0/lib/locales/en/michael_scott.yml&quot;, &quot;/home/nameless_ghoul/.rbenv/versions/3.0.0/lib/ruby/gems/3.0.0/gems/faker-2.20.0/lib/locales/en/military.yml&quot;, &quot;/home/nameless_ghoul/.rbenv/versions/3.0.0/lib/ruby/gems/3.0.0/gems/faker-2.20.0/lib/locales/en/minecraft.yml&quot;, &quot;/home/nameless_ghoul/.rbenv/versions/3.0.0/lib/ruby/gems/3.0.0/gems/faker-2.20.0/lib/locales/en/mountain.yml&quot;, &quot;/home/nameless_ghoul/.rbenv/versions/3.0.0/lib/ruby/gems/3.0.0/gems/faker-2.20.0/lib/locales/en/movie.yml&quot;, &quot;/home/nameless_ghoul/.rbenv/versions/3.0.0/lib/ruby/gems/3.0.0/gems/faker-2.20.0/lib/locales/en/music.yml&quot;, &quot;/home/nameless_ghoul/.rbenv/versions/3.0.0/lib/ruby/gems/3.0.0/gems/faker-2.20.0/lib/locales/en/myst.yml&quot;, &quot;/home/nameless_ghoul/.rbenv/versions/3.0.0/lib/ruby/gems/3.0.0/gems/faker-2.20.0/lib/locales/en/name.yml&quot;, &quot;/home/nameless_ghoul/.rbenv/versions/3.0.0/lib/ruby/gems/3.0.0/gems/faker-2.20.0/lib/locales/en/naruto.yml&quot;, &quot;/home/nameless_ghoul/.rbenv/versions/3.0.0/lib/ruby/gems/3.0.0/gems/faker-2.20.0/lib/locales/en/nation.yml&quot;, &quot;/home/nameless_ghoul/.rbenv/versions/3.0.0/lib/ruby/gems/3.0.0/gems/faker-2.20.0/lib/locales/en/nato_phonetic_alphabet.yml&quot;, &quot;/home/nameless_ghoul/.rbenv/versions/3.0.0/lib/ruby/gems/3.0.0/gems/faker-2.20.0/lib/locales/en/new_girl.yml&quot;, &quot;/home/nameless_ghoul/.rbenv/versions/3.0.0/lib/ruby/gems/3.0.0/gems/faker-2.20.0/lib/locales/en/one_piece.yml&quot;, &quot;/home/nameless_ghoul/.rbenv/versions/3.0.0/lib/ruby/gems/3.0.0/gems/faker-2.20.0/lib/locales/en/opera.yml&quot;, &quot;/home/nameless_ghoul/.rbenv/versions/3.0.0/lib/ruby/gems/3.0.0/gems/faker-2.20.0/lib/locales/en/overwatch.yml&quot;, &quot;/home/nameless_ghoul/.rbenv/versions/3.0.0/lib/ruby/gems/3.0.0/gems/faker-2.20.0/lib/locales/en/parks_and_rec.yml&quot;, &quot;/home/nameless_ghoul/.rbenv/versions/3.0.0/lib/ruby/gems/3.0.0/gems/faker-2.20.0/lib/locales/en/pearl_jam.yml&quot;, &quot;/home/nameless_ghoul/.rbenv/versions/3.0.0/lib/ruby/gems/3.0.0/gems/faker-2.20.0/lib/locales/en/phish.yml&quot;, &quot;/home/nameless_ghoul/.rbenv/versions/3.0.0/lib/ruby/gems/3.0.0/gems/faker-2.20.0/lib/locales/en/phone_number.yml&quot;, &quot;/home/nameless_ghoul/.rbenv/versions/3.0.0/lib/ruby/gems/3.0.0/gems/faker-2.20.0/lib/locales/en/pokemon.yml&quot;, &quot;/home/nameless_ghoul/.rbenv/versions/3.0.0/lib/ruby/gems/3.0.0/gems/faker-2.20.
[...]
t=#&lt;Rails::Paths::Root:0x0000558f2bced640 ...&gt;, @glob="**/*.rb", @exclude=nil, @autoload_once=false, @eager_load=false, @autoload=false, @load_path=false&gt;, "config/locales"=&gt;#&lt;Rails::Paths::Path:0x0000558f2bcecec0 @paths=["config/locales"], @current="config/locales", @root=#&lt;Rails::Paths::Root:0x0000558f2bced640 ...&gt;, @glob="*.{rb,yml}", @exclude=nil, @autoload_once=false, @eager_load=false, @autoload=false, @load_path=false&gt;, "config/routes.rb"=&gt;#&lt;Rails::Paths::Path:0x0000558f2bcece48 @paths=["config/routes.rb"], @current="config/routes.rb", @root=#&lt;Rails::Paths::Root:0x0000558f2bced640 ...&gt;, @glob=nil, @exclude=nil, @autoload_once=false, @eager_load=false, @autoload=false, @load_path=false&gt;, "config/routes"=&gt;#&lt;Rails::Paths::Path:0x0000558f2bcecdd0 @paths=["config/routes"], @current="config/routes", @root=#&lt;Rails::Paths::Root:0x0000558f2bced640 ...&gt;, @glob="**/*.rb", @exclude=nil, @autoload_once=false, @eager_load=false, @autoload=false, @load_path=false&gt;, "db"=&gt;#&lt;Rails::Paths::Path:0x0000558f2bcecd58 @paths=["db"], @current="db", @root=#&lt;Rails::Paths::Root:0x0000558f2bced640 ...&gt;, @glob=nil, @exclude=nil, @autoload_once=false, @eager_load=false, @autoload=false, @load_path=false&gt;, "db/migrate"=&gt;#&lt;Rails::Paths::Path:0x0000558f2bcecce0 @paths=["db/migrate"], @current="db/migrate", @root=#&lt;Rails::Paths::Root:0x0000558f2bced640 ...&gt;, @glob=nil, @exclude=nil, @autoload_once=false, @eager_load=false, @autoload=false, @load_path=false&gt;, "db/seeds.rb"=&gt;#&lt;Rails::Paths::Path:0x0000558f2bcecc68 @paths=["db/seeds.rb"], @current="db/seeds.rb", @root=#&lt;Rails::Paths::Root:0x0000558f2bced640 ...&gt;, @glob=nil, @exclude=nil, @autoload_once=false, @eager_load=false, @autoload=false, @load_path=false&gt;, "vendor"=&gt;#&lt;Rails::Paths::Path:0x0000558f2bcecbf0 @paths=["vendor"], @current="vendor", @root=#&lt;Rails::Paths::Root:0x0000558f2bced640 ...&gt;, @glob=nil, @exclude=nil, @autoload_once=false, @eager_load=false, @autoload=false, @load_path=true&gt;, "vendor/assets"=&gt;#&lt;Rails::Paths::Path:0x0000558f2bcecb78 @paths=["vendor/assets"], @current="vendor/assets", @root=#&lt;Rails::Paths::Root:0x0000558f2bced640 ...&gt;, @glob="*", @exclude=nil, @autoload_once=false, @eager_load=false, @autoload=false, @load_path=false&gt;}&gt;, @autoload_paths=[], @eager_load_paths=[]&gt;, @env_config=nil, @helpers=nil, @routes=#&lt;ActionDispatch::Routing::RouteSet:0x0000558f2c02b0f0&gt;, @app_build_lock=#&lt;Thread::Mutex:0x0000558f2bcb3468&gt;, @initializers=[#&lt;Rails::Initializable::Initializer:0x0000558f2bcc0708 @name=:load_environment_config, @context=#&lt;Bootstrap::Rails::Engine:0x0000558f2bcb3490 ...&gt;, @options={:before=&gt;:load_environment_hook, :group=&gt;:all}, @block=#&lt;Proc:0x0000558f29b2c858 /home/nameless_ghoul/.rbenv/versions/3.0.0/lib/ruby/gems/3.0.0/gems/railties-6.1.5/lib/rails/engine.rb:569&gt;&gt;, #&lt;Rails::Initializable::Initializer:0x0000558f2bcc06b8 @name=:set_load_path, @context=#&lt;Bootstrap::Rails::Engine:0x0000558f2bcb3490 ...&gt;, @options={:before=&gt;:bootstrap_hook, :after=&gt;:load_environment_config, :group=&gt;:default}, @block=#&lt;Proc:0x0000558f29b2c678 /home/nameless_ghoul/.rbenv/versions/3.0.0/lib/ruby/gems/3.0.0/gems/railties-6.1.5/lib/rails/engine.rb:575&gt;&gt;, #&lt;Rails::Initializable::Initializer:0x0000558f2bcc0668 @name=:set_autoload_paths, @context=#&lt;Bootstrap::Rails::Engine:0x0000558f2bcb3490 ...&gt;, @options={:before=&gt;:bootstrap_hook, :after=&gt;:set_load_path, :group=&gt;:default}, @block=#&lt;Proc:0x0000558f29b2c4e8 /home/nameless_ghoul/.rbenv/versions/3.0.0/lib/ruby/gems/3.0.0/gems/railties-6.1.5/lib/rails/engine.rb:587&gt;&gt;, #&lt;Rails::Initializable::Initializer:0x0000558f2bcc0618 @name=:set_eager_load_paths, @context=#&lt;Bootstrap::Rails::Engine:0x0000558f2bcb3490 ...&gt;, @options={:before=&gt;:bootstrap_hook, :after=&gt;:set_autoload_paths, :group=&gt;:default}, @block=#&lt;Proc:0x0000558f29b2c3d0 /home/nameless_ghoul/.rbenv/versions/3.0.0/lib/ruby/gems/3.0.0/gems/railties-6.1.5/lib/rails/engine.rb:595&gt;&gt;, #&lt;Rails::Initializable::Initializer:0x0000558f2bcc05c8 @name=:add_routing_paths, @context=#&lt;Bootstrap::Rails::Engine:0x0000558f2bcb3490 ...&gt;, @options={:after=&gt;:set_eager_load_paths, :group=&gt;:default}, @block=#&lt;Proc:0x0000558f29b2c2b8 /home/nameless_ghoul/.rbenv/versions/3.0.0/lib/ruby/gems/3.0.0/gems/railties-6.1.5/lib/rails/engine.rb:600&gt;&gt;, #&lt;Rails::Initializable::Initializer:0x0000558f2bcc0578 @name=:add_locales, @context=#&lt;Bootstrap::Rails::Engine:0x0000558f2bcb3490 ...&gt;, @options={:after=&gt;:add_routing_paths, :group=&gt;:default}, @block=#&lt;Proc:0x0000558f29b2c1c8 /home/nameless_ghoul/.rbenv/versions/3.0.0/lib/ruby/gems/3.0.0/gems/railties-6.1.5/lib/rails/engine.rb:614&gt;&gt;, #&lt;Rails::Initializable::Initializer:0x0000558f2bcc0528 @name=:add_view_paths, @context=#&lt;Bootstrap::Rails::Engine:0x0000558f2bcb3490 ...&gt;, @options={:after=&gt;:add_locales, :group=&gt;:default}, @block=#&lt;Proc:0x0000558f29b2c0d8 /home/nameless_ghoul/.rbenv/versions/3.0.0/lib/ruby/gems/3.0.0/gems/railties-6.1.5/lib/rails/engine.rb:618&gt;&gt;, #&lt;Rails::Initializable::Initializer:0x0000558f2bcc04d8 @name=:prepend_helpers_path, @context=#&lt;Bootstrap::Rails::Engine:0x0000558f2bcb3490 ...&gt;, @options={:after=&gt;:add_view_paths, :group=&gt;:default}, @block=#&lt;Proc:0x0000558f28f17f18 /home/nameless_ghoul/.rbenv/versions/3.0.0/lib/ruby/gems/3.0.0/gems/railties-6.1.5/lib/rails/engine.rb:626&gt;&gt;, #&lt;Rails::Initializable::Initializer:0x0000558f2bcc0488 @name=:load_config_initializers, @context=#&lt;Bootstrap::Rails::Engine:0x0000558f2bcb3490 ...&gt;, @options={:after=&gt;:prepend_helpers_path, :group=&gt;:default}, @block=#&lt;Proc:0x0000558f28f17608 /home/nameless_ghoul/.rbenv/versions/3.0.0/lib/ruby/gems/3.0.0/gems/railties-6.1.5/lib/rails/engine.rb:632&gt;&gt;, #&lt;Rails::Initializable::Initializer:0x0000558f2bcc0438 @name=:wrap_executor_around_load_seed, @context=#&lt;Bootstrap::Rails::Engine:0x0000558f2bcb3490 ...&gt;, @options={:after=&gt;:load_config_initializers, :group=&gt;:default}, @block=#&lt;Proc:0x0000558f28f16e60 /home/nameless_ghoul/.rbenv/versions/3.0.0/lib/ruby/gems/3.0.0/gems/railties-6.1.5/lib/rails/engine.rb:638&gt;&gt;, #&lt;Rails::Initializable::Initializer:0x0000558f2bcc03e8 @name=:engines_blank_point, @context=#&lt;Bootstrap::Rails::Engine:0x0000558f2bcb3490 ...&gt;, @options={:after=&gt;:wrap_executor_around_load_seed, :group=&gt;:default}, @block=#&lt;Proc:0x0000558f28f16960 /home/nameless_ghoul/.rbenv/versions/3.0.0/lib/ruby/gems/3.0.0/gems/railties-6.1.5/lib/rails/engine.rb:644&gt;&gt;, #&lt;Rails::Initializable::Initializer:0x0000558f2bcc0398 @name=:append_assets_path, @context=#&lt;Bootstrap::Rails::Engine:0x0000558f2bcb3490 ...&gt;, @options={:group=&gt;:all, :after=&gt;:engines_blank_point}, @block=#&lt;Proc:0x0000558f29c70d40 /home/nameless_ghoul/.rbenv/versions/3.0.0/lib/ruby/gems/3.0.0/gems/sprockets-rails-3.4.2/lib/sprockets/railtie.rb:60&gt;&gt;, #&lt;Rails::Initializable::Initializer:0x0000558f2bcc0348 @name="bootstrap-sass.assets.precompile", @context=#&lt;Bootstrap::Rails::Engine:0x0000558f2bcb3490 ...&gt;, @options={:group=&gt;:default}, @block=#&lt;Proc:0x0000558f2b3a1320 /home/nameless_ghoul/.rbenv/versions/3.0.0/lib/ruby/gems/3.0.0/gems/bootstrap-sass-3.4.1/lib/bootstrap-sass/engine.rb:4&gt;&gt;]&gt;]&gt;, @message_verifiers={"ActiveStorage"=&gt;#&lt;ActiveSupport::MessageVerifier:0x0000558f2c3c87f8 @secret="E\xEB\x93\xEEO3\x03\xA7\x10\xF9\xDDU\e\x9E\xA7\x8F\x98\xDA\x00\x1A\xFA\xB4Uw@v\xE3Q@c\xB2}\xD5\x92\xA7\xBAd- z\xEE\x12\x87\xA9\x05\x8F\x14\x83\x9ER:\xEB\xFDGZ\xC2\xEDh\x92\xF1.qy\xF3", @digest="SHA1", @serializer=Marshal, @options={}, @rotations=[], @on_rotation=nil&gt;}, @ran_load_hooks=true, @executor=#&lt;Class:0x0000558f2bc1c7c0&gt;, @reloader=#&lt;Class:0x0000558f2bc473d0&gt;, @initial_variable_values={}, @block=nil, @initializers=[#&lt;Rails::Initializable::Initializer:0x0000558f2bca0750 @name=:load_environment_config, @context=#&lt;SampleApp::Application:0x0000558f2bc127e8 ...&gt;, @options={:before=&gt;:load_environment_hook, :group=&gt;:all}, @block=#&lt;Proc:0x0000558f29b2c858 /home/nameless_ghoul/.rbenv/versions/3.0.0/lib/ruby/gems/3.0.0/gems/railties-6.1.5/lib/rails/engine.rb:569&gt;&gt;, #&lt;Rails::Initializable::Initializer:0x0000558f2bca0700 @name=:set_load_path, @context=#&lt;SampleApp::Application:0x0000558f2bc127e8 ...&gt;, @options={:before=&gt;:bootstrap_hook, :after=&gt;:load_environment_config, :group=&gt;:default}, @block=#&lt;Proc:0x0000558f29b2c678 /home/nameless_ghoul/.rbenv/versions/3.0.0/lib/ruby/gems/3.0.0/gems/railties-6.1.5/lib/rails/engine.rb:575&gt;&gt;, #&lt;Rails::Initializable::Initializer:0x0000558f2bca06b0 @name=:set_autoload_paths, @context=#&lt;SampleApp::Application:0x0000558f2bc127e8 ...&gt;, @options={:before=&gt;:bootstrap_hook, :after=&gt;:set_load_path, :group=&gt;:default}, @block=#&lt;Proc:0x0000558f29b2c4e8 /home/nameless_ghoul/.rbenv/versions/3.0.0/lib/ruby/gems/3.0.0/gems/railties-6.1.5/lib/rails/engine.rb:587&gt;&gt;, #&lt;Rails::Initializable::Initializer:0x0000558f2bca0660 @name=:set_eager_load_paths, @context=#&lt;SampleApp::Application:0x0000558f2bc127e8 ...&gt;, @options={:before=&gt;:bootstrap_hook, :after=&gt;:set_autoload_paths, :group=&gt;:default}, @block=#&lt;Proc:0x0000558f29b2c3d0 /home/nameless_ghoul/.rbenv/versions/3.0.0/lib/ruby/gems/3.0.0/gems/railties-6.1.5/lib/rails/engine.rb:595&gt;&gt;, #&lt;Rails::Initializable::Initializer:0x0000558f2bca0610 @name=:add_routing_paths, @context=#&lt;SampleApp::Application:0x0000558f2bc127e8 ...&gt;, @options={:after=&gt;:set_eager_load_paths, :group=&gt;:default}, @block=#&lt;Proc:0x0000558f29b2c2b8 /home/nameless_ghoul/.rbenv/versions/3.0.0/lib/ruby/gems/3.0.0/gems/railties-6.1.5/lib/rails/engine.rb:600&gt;&gt;, #&lt;Rails::Initializable::Initializer:0x0000558f2bca05c0 @name=:add_locales, @context=#&lt;SampleApp::Application:0x0000558f2bc127e8 ...&gt;, @options={:after=&gt;:add_routing_paths, :group=&gt;:default}, @block=#&lt;Proc:0x0000558f29b2c1c8 /home/nameless_ghoul/.rbenv/versions/3.0.0/lib/ruby/gems/3.0.0/gems/railties-6.1.5/lib/rails/engine.rb:614&gt;&gt;, #&lt;Rails::Initializable::Initializer:0x0000558f2bca0570 @name=:add_view_paths, @context=#&lt;SampleApp::Application:0x0000558f2bc127e8 ...&gt;, @options={:after=&gt;:add_locales, :group=&gt;:default}, @block=#&lt;Proc:0x0000558f29b2c0d8 /home/nameless_ghoul/.rbenv/versions/3.0.0/lib/ruby/gems/3.0.0/gems/railties-6.1.5/lib/rails/engine.rb:618&gt;&gt;, #&lt;Rails::Initializable::Initializer:0x0000558f2bca0520 @name=:prepend_helpers_path, @context=#&lt;SampleApp::Application:0x0000558f2bc127e8 ...&gt;, @options={:after=&gt;:add_view_paths, :group=&gt;:default}, @block=#&lt;Proc:0x0000558f28f17f18 /home/nameless_ghoul/.rbenv/versions/3.0.0/lib/ruby/gems/3.0.0/gems/railties-6.1.5/lib/rails/engine.rb:626&gt;&gt;, #&lt;Rails::Initializable::Initializer:0x0000558f2bca04d0 @name=:load_config_initializers, @context=#&lt;SampleApp::Application:0x0000558f2bc127e8 ...&gt;, @options={:after=&gt;:prepend_helpers_path, :group=&gt;:default}, @block=#&lt;Proc:0x0000558f28f17608 /home/nameless_ghoul/.rbenv/versions/3.0.0/lib/ruby/gems/3.0.0/gems/railties-6.1.5/lib/rails/engine.rb:632&gt;&gt;, #&lt;Rails::Initializable::Initializer:0x0000558f2bca0480 @name=:wrap_executor_around_load_seed, @context=#&lt;SampleApp::Application:0x0000558f2bc127e8 ...&gt;, @options={:after=&gt;:load_config_initializers, :group=&gt;:default}, @block=#&lt;Proc:0x0000558f28f16e60 /home/nameless_ghoul/.rbenv/versions/3.0.0/lib/ruby/gems/3.0.0/gems/railties-6.1.5/lib/rails/engine.rb:638&gt;&gt;, #&lt;Rails::Initializable::Initializer:0x0000558f2bca0430 @name=:engines_blank_point, @context=#&lt;SampleApp::Application:0x0000558f2bc127e8 ...&gt;, @options={:after=&gt;:wrap_executor_around_load_seed, :group=&gt;:default}, @block=#&lt;Proc:0x0000558f28f16960 /home/nameless_ghoul/.rbenv/versions/3.0.0/lib/ruby/gems/3.0.0/gems/railties-6.1.5/lib/rails/engine.rb:644&gt;&gt;, #&lt;Rails::Initializable::Initializer:0x0000558f2bca03e0 @name=:append_assets_path, @context=#&lt;SampleApp::Application:0x0000558f2bc127e8 ...&gt;, @options={:group=&gt;:all, :after=&gt;:engines_blank_point}, @block=#&lt;Proc:0x0000558f29c70d40 /home/nameless_ghoul/.rbenv/versions/3.0.0/lib/ruby/gems/3.0.0/gems/sprockets-rails-3.4.2/lib/sprockets/railtie.rb:60&gt;&gt;, #&lt;Rails::Initializable::Initializer:0x0000558f2bca0390 @name=:ensure_reloading_is_enabled, @context=#&lt;SampleApp::Application:0x0000558f2bc127e8 ...&gt;, @options={:group=&gt;:all}, @block=#&lt;Proc:0x0000558f2bc94770 /home/nameless_ghoul/.rbenv/versions/3.0.0/lib/ruby/gems/3.0.0/gems/spring-4.0.0/lib/spring/application.rb:99&gt;&gt;], @assets=#&lt;Sprockets::Environment:0x52d0 root="/home/nameless_ghoul/Documents/Work/LoudCloudPH/Learning/Learn Enough Projects/sample_app", paths=["/home/nameless_ghoul/Documents/Work/LoudCloudPH/Learning/Learn Enough Projects/sample_app/app/assets/config", "/home/nameless_ghoul/Documents/Work/LoudCloudPH/Learning/Learn Enough Projects/sample_app/app/assets/images", "/home/nameless_ghoul/Documents/Work/LoudCloudPH/Learning/Learn Enough Projects/sample_app/app/assets/javascripts", "/home/nameless_ghoul/Documents/Work/LoudCloudPH/Learning/Learn Enough Projects/sample_app/app/assets/stylesheets", "/home/nameless_ghoul/.rbenv/versions/3.0.0/lib/ruby/gems/3.0.0/gems/actioncable-6.1.5/app/assets/javascripts", "/home/nameless_ghoul/.rbenv/versions/3.0.0/lib/ruby/gems/3.0.0/gems/activestorage-6.1.5/app/assets/javascripts", "/home/nameless_ghoul/.rbenv/versions/3.0.0/lib/ruby/gems/3.0.0/gems/actionview-6.1.5/lib/assets/compiled", "/home/nameless_ghoul/.rbenv/versions/3.0.0/lib/ruby/gems/3.0.0/gems/turbolinks-source-5.2.0/lib/assets/javascripts", "/home/nameless_ghoul/Documents/Work/LoudCloudPH/Learning/Learn Enough Projects/sample_app/node_modules", "/home/nameless_ghoul/.rbenv/versions/3.0.0/lib/ruby/gems/3.0.0/gems/bootstrap-sass-3.4.1/assets/stylesheets", "/home/nameless_ghoul/.rbenv/versions/3.0.0/lib/ruby/gems/3.0.0/gems/bootstrap-sass-3.4.1/assets/javascripts", "/home/nameless_ghoul/.rbenv/versions/3.0.0/lib/ruby/gems/3.0.0/gems/bootstrap-sass-3.4.1/assets/fonts", "/home/nameless_ghoul/.rbenv/versions/3.0.0/lib/ruby/gems/3.0.0/gems/bootstrap-sass-3.4.1/assets/images"]&gt;, @assets_manifest=#&lt;Sprockets::Manifest:0x0000558f2c37f3f0 @environment=#&lt;Sprockets::Environment:0x52d0 root="/home/nameless_ghoul/Documents/Work/LoudCloudPH/Learning/Learn Enough Projects/sample_app", paths=["/home/nameless_ghoul/Documents/Work/LoudCloudPH/Learning/Learn Enough Projects/sample_app/app/assets/config", "/home/nameless_ghoul/Documents/Work/LoudCloudPH/Learning/Learn Enough Projects/sample_app/app/assets/images", "/home/nameless_ghoul/Documents/Work/LoudCloudPH/Learning/Learn Enough Projects/sample_app/app/assets/javascripts", "/home/nameless_ghoul/Documents/Work/LoudCloudPH/Learning/Learn Enough Projects/sample_app/app/assets/stylesheets", "/home/nameless_ghoul/.rbenv/versions/3.0.0/lib/ruby/gems/3.0.0/gems/actioncable-6.1.5/app/assets/javascripts", "/home/nameless_ghoul/.rbenv/versions/3.0.0/lib/ruby/gems/3.0.0/gems/activestorage-6.1.5/app/assets/javascripts", "/home/nameless_ghoul/.rbenv/versions/3.0.0/lib/ruby/gems/3.0.0/gems/actionview-6.1.5/lib/assets/compiled", "/home/nameless_ghoul/.rbenv/versions/3.0.0/lib/ruby/gems/3.0.0/gems/turbolinks-source-5.2.0/lib/assets/javascripts", "/home/nameless_ghoul/Documents/Work/LoudCloudPH/Learning/Learn Enough Projects/sample_app/node_modules", "/home/nameless_ghoul/.rbenv/versions/3.0.0/lib/ruby/gems/3.0.0/gems/bootstrap-sass-3.4.1/assets/stylesheets", "/home/nameless_ghoul/.rbenv/versions/3.0.0/lib/ruby/gems/3.0.0/gems/bootstrap-sass-3.4.1/assets/javascripts", "/home/nameless_ghoul/.rbenv/versions/3.0.0/lib/ruby/gems/3.0.0/gems/bootstrap-sass-3.4.1/assets/fonts", "/home/nameless_ghoul/.rbenv/versions/3.0.0/lib/ruby/gems/3.0.0/gems/bootstrap-sass-3.4.1/assets/images"]&gt;, @filename="/home/nameless_ghoul/Documents/Work/LoudCloudPH/Learning/Learn Enough Projects/sample_app/public/assets/.sprockets-manifest-f9d5d5ca2395c9052eafadcafdf2ba75.json", @directory="/home/nameless_ghoul/Documents/Work/LoudCloudPH/Learning/Learn Enough Projects/sample_app/public/assets", @legacy_manifest=false, @data={}&gt;, @secrets=#&lt;ActiveSupport::OrderedOptions {:secret_key_base=&gt;"52aa466f65e6da8a36de9cf6b806658c9c839ec536460513381c4cf533d9c87aa198671f55dcf252e3ef167bacc04495dfa8b378c6a82b115450b46a6daf7a1d"}&gt;, @caching_key_generator=#&lt;ActiveSupport::CachingKeyGenerator:0x0000558f2c3b7f48 @key_generator=#&lt;ActiveSupport::KeyGenerator:0x0000558f2c3b7f98 @secret="52aa466f65e6da8a36de9cf6b806658c9c839ec536460513381c4cf533d9c87aa198671f55dcf252e3ef167bacc04495dfa8b378c6a82b115450b46a6daf7a1d", @iterations=1000&gt;, @cache_keys=#&lt;Concurrent::Map:0x0000558f2c3b7f20 entries=2 default_proc=nil&gt;&gt;, @ran=true&gt;, @https=false, @response=nil, @request=nil, @controller=nil, @_mock_session=nil, @request_count=0, @url_options=nil, @host="www.example.com", @remote_addr="127.0.0.1", @accept="text/xml,application/xml,application/xhtml+xml,text/html;q=0.9,text/plain;q=0.8,image/png,*/*;q=0.5", @named_routes_configured=true&gt;, @routes=#&lt;ActionDispatch::Routing::RouteSet:0x0000558f2c02a3f8&gt;, @app=nil, @fixture_cache={}, @fixture_connections=[], @connection_subscriber=#&lt;ActiveSupport::Notifications::Fanout::Subscribers::Timed:0x0000558f2bfe7a58 @pattern="!connection.active_record", @delegate=#&lt;Proc:0x0000558f2bfe7cb0 /home/nameless_ghoul/.rbenv/versions/3.0.0/lib/ruby/gems/3.0.0/gems/activerecord-6.1.5/lib/active_record/test_fixtures.rb:134&gt;, @can_publish=false&gt;, @legacy_saved_pool_configs={}, @saved_pool_configs={}, @loaded_fixtures={}, @tagged_logger=#&lt;ActiveSupport::Logger:0x0000558f2bd458b8 @level=0, @progname=nil, @default_formatter=#&lt;Logger::Formatter:0x0000558f2bd45b60 @datetime_format=nil&gt;, @formatter=#&lt;ActiveSupport::Logger::SimpleFormatter:0x0000558f2bd45840 @datetime_format=nil, @thread_key="activesupport_tagged_logging_tags:22220"&gt;, @logdev=#&lt;Logger::LogDevice:0x0000558f2bd45ac0 @shift_period_suffix="%Y%m%d", @shift_size=1048576, @shift_age=0, @filename="/home/nameless_ghoul/Documents/Work/LoudCloudPH/Learning/Learn Enough Projects/sample_app/log/test.log", @dev=#&lt;File:/home/nameless_ghoul/Documents/Work/LoudCloudPH/Learning/Learn Enough Projects/sample_app/log/test.log&gt;, @binmode=false, @mon_data=#&lt;Monitor:0x0000558f2bd45a98&gt;, @mon_data_owner_object_id=10640&gt;&gt;, @_partials={}, @_templates={}, @_layouts={}, @_files={}, @_subscribers=[#&lt;ActiveSupport::Notifications::Fanout::Subscribers::Timed:0x0000558f2c3bf8b0 @pattern="render_template.action_view", @delegate=#&lt;Proc:0x0000558f2c3bf9c8 /home/nameless_ghoul/.rbenv/versions/3.0.0/lib/ruby/gems/3.0.0/gems/rails-controller-testing-1.0.5/lib/rails/controller/testing/template_assertions.rb:23&gt;, @can_publish=false&gt;, #&lt;ActiveSupport::Notifications::Fanout::Subscribers::Timed:0x0000558f2c3bf720 @pattern="!render_template.action_view", @delegate=#&lt;Proc:0x0000558f2c3bf860 /home/nameless_ghoul/.rbenv/versions/3.0.0/lib/ruby/gems/3.0.0/gems/rails-controller-testing-1.0.5/lib/rails/controller/testing/template_assertions.rb:33&gt;, @can_publish=false&gt;], @simple_stubs=#&lt;ActiveSupport::Testing::SimpleStubs:0x0000558f29736898 @stubs=#&lt;Concurrent::Map:0x0000558f29736550 entries=0 default_proc=#&lt;Proc:0x0000558f29736078 /home/nameless_ghoul/.rbenv/versions/3.0.0/lib/ruby/gems/3.0.0/gems/activesupport-6.1.5/lib/active_support/testing/time_helpers.rb:14&gt;&gt;&gt;, @time=0.12293281599704642&gt;
    test/controllers/static_pages_controller_test.rb:15:in `block in &lt;class:StaticPagesControllerTest&gt;'
    </error>
    </testcase>
  </testsuite>
</testsuites>
